# Logfile created on 2014-02-11 22:29:05 +0000 by logger.rb/44203
I, [2014-02-11T22:29:05.106138 #56564]  INFO -- : 0:  rack (1.5.2) from /Users/makis/.rvm/gems/ruby-2.1.0/specifications/rack-1.5.2.gemspec
I, [2014-02-11T22:29:05.107270 #56564]  INFO -- : 0:  rack-protection (1.5.2) from /Users/makis/.rvm/gems/ruby-2.1.0/specifications/rack-protection-1.5.2.gemspec
I, [2014-02-11T22:29:05.107574 #56564]  INFO -- : 0:  tilt (1.4.1) from /Users/makis/.rvm/gems/ruby-2.1.0/specifications/tilt-1.4.1.gemspec
I, [2014-02-11T22:29:05.107861 #56564]  INFO -- : 0:  sinatra (1.4.4) from /Users/makis/.rvm/gems/ruby-2.1.0/specifications/sinatra-1.4.4.gemspec
I, [2014-02-11T22:29:05.108130 #56564]  INFO -- : 0:  bundler (1.5.1) from /Users/makis/.rvm/gems/ruby-2.1.0@global/specifications/bundler-1.5.1.gemspec
I, [2014-02-11T22:43:45.125643 #57391]  INFO -- : 0:  rack (1.5.2) from /Users/makis/.rvm/gems/ruby-2.1.0/specifications/rack-1.5.2.gemspec
I, [2014-02-11T22:43:45.126020 #57391]  INFO -- : 0:  rack-protection (1.5.2) from /Users/makis/.rvm/gems/ruby-2.1.0/specifications/rack-protection-1.5.2.gemspec
I, [2014-02-11T22:43:45.126286 #57391]  INFO -- : 0:  shotgun (0.9) from /Users/makis/.rvm/gems/ruby-2.1.0/specifications/shotgun-0.9.gemspec
I, [2014-02-11T22:43:45.126590 #57391]  INFO -- : 0:  tilt (1.4.1) from /Users/makis/.rvm/gems/ruby-2.1.0/specifications/tilt-1.4.1.gemspec
I, [2014-02-11T22:43:45.126862 #57391]  INFO -- : 0:  sinatra (1.4.4) from /Users/makis/.rvm/gems/ruby-2.1.0/specifications/sinatra-1.4.4.gemspec
I, [2014-02-11T22:43:45.127121 #57391]  INFO -- : 0:  bundler (1.5.1) from /Users/makis/.rvm/gems/ruby-2.1.0@global/specifications/bundler-1.5.1.gemspec
I, [2014-02-11T23:03:18.645577 #58325]  INFO -- : 0:  addressable (2.3.5) from /Users/makis/.rvm/gems/ruby-2.1.0/specifications/addressable-2.3.5.gemspec
I, [2014-02-11T23:03:20.806277 #58325]  INFO -- : 0:  bcrypt-ruby (3.1.2) from /Users/makis/.rvm/gems/ruby-2.1.0/specifications/bcrypt-ruby-3.1.2.gemspec
I, [2014-02-11T23:03:22.123030 #58325]  INFO -- : 0:  dm-core (1.2.1) from /Users/makis/.rvm/gems/ruby-2.1.0/specifications/dm-core-1.2.1.gemspec
I, [2014-02-11T23:03:23.809354 #58325]  INFO -- : 0:  dm-aggregates (1.2.0) from /Users/makis/.rvm/gems/ruby-2.1.0/specifications/dm-aggregates-1.2.0.gemspec
I, [2014-02-11T23:03:24.861804 #58325]  INFO -- : 0:  dm-constraints (1.2.0) from /Users/makis/.rvm/gems/ruby-2.1.0/specifications/dm-constraints-1.2.0.gemspec
I, [2014-02-11T23:03:25.922285 #58325]  INFO -- : 0:  dm-migrations (1.2.0) from /Users/makis/.rvm/gems/ruby-2.1.0/specifications/dm-migrations-1.2.0.gemspec
I, [2014-02-11T23:03:27.063987 #58325]  INFO -- : 0:  fastercsv (1.5.5) from /Users/makis/.rvm/gems/ruby-2.1.0/specifications/fastercsv-1.5.5.gemspec
I, [2014-02-11T23:03:27.064583 #58325]  INFO -- : 0:  json (1.8.1) from /Users/makis/.rvm/rubies/ruby-2.1.0/lib/ruby/gems/2.1.0/specifications/default/json-1.8.1.gemspec
I, [2014-02-11T23:03:28.282626 #58325]  INFO -- : 0:  json_pure (1.8.1) from /Users/makis/.rvm/gems/ruby-2.1.0/specifications/json_pure-1.8.1.gemspec
I, [2014-02-11T23:03:28.283044 #58325]  INFO -- : 0:  multi_json (1.8.4) from /Users/makis/.rvm/gems/ruby-2.1.0/specifications/multi_json-1.8.4.gemspec
I, [2014-02-11T23:03:29.302777 #58325]  INFO -- : 0:  dm-serializer (1.2.2) from /Users/makis/.rvm/gems/ruby-2.1.0/specifications/dm-serializer-1.2.2.gemspec
I, [2014-02-11T23:03:30.290873 #58325]  INFO -- : 0:  dm-timestamps (1.2.0) from /Users/makis/.rvm/gems/ruby-2.1.0/specifications/dm-timestamps-1.2.0.gemspec
I, [2014-02-11T23:03:31.305221 #58325]  INFO -- : 0:  dm-transactions (1.2.0) from /Users/makis/.rvm/gems/ruby-2.1.0/specifications/dm-transactions-1.2.0.gemspec
I, [2014-02-11T23:03:32.576573 #58325]  INFO -- : 0:  stringex (1.5.1) from /Users/makis/.rvm/gems/ruby-2.1.0/specifications/stringex-1.5.1.gemspec
I, [2014-02-11T23:03:33.610994 #58325]  INFO -- : 0:  uuidtools (2.1.4) from /Users/makis/.rvm/gems/ruby-2.1.0/specifications/uuidtools-2.1.4.gemspec
I, [2014-02-11T23:03:34.631833 #58325]  INFO -- : 0:  dm-types (1.2.2) from /Users/makis/.rvm/gems/ruby-2.1.0/specifications/dm-types-1.2.2.gemspec
I, [2014-02-11T23:03:35.760280 #58325]  INFO -- : 0:  dm-validations (1.2.0) from /Users/makis/.rvm/gems/ruby-2.1.0/specifications/dm-validations-1.2.0.gemspec
I, [2014-02-11T23:03:36.733480 #58325]  INFO -- : 0:  data_mapper (1.2.0) from /Users/makis/.rvm/gems/ruby-2.1.0/specifications/data_mapper-1.2.0.gemspec
I, [2014-02-11T23:03:37.804980 #58325]  INFO -- : 0:  data_objects (0.10.13) from /Users/makis/.rvm/gems/ruby-2.1.0/specifications/data_objects-0.10.13.gemspec
I, [2014-02-11T23:03:38.758296 #58325]  INFO -- : 0:  dm-do-adapter (1.2.0) from /Users/makis/.rvm/gems/ruby-2.1.0/specifications/dm-do-adapter-1.2.0.gemspec
I, [2014-02-11T23:03:41.120659 #58325]  INFO -- : 0:  do_postgres (0.10.13) from /Users/makis/.rvm/gems/ruby-2.1.0/specifications/do_postgres-0.10.13.gemspec
I, [2014-02-11T23:03:42.075662 #58325]  INFO -- : 0:  dm-postgres-adapter (1.2.0) from /Users/makis/.rvm/gems/ruby-2.1.0/specifications/dm-postgres-adapter-1.2.0.gemspec
I, [2014-02-11T23:03:42.076677 #58325]  INFO -- : 0:  rack (1.5.2) from /Users/makis/.rvm/gems/ruby-2.1.0/specifications/rack-1.5.2.gemspec
I, [2014-02-11T23:03:42.077295 #58325]  INFO -- : 0:  rack-protection (1.5.2) from /Users/makis/.rvm/gems/ruby-2.1.0/specifications/rack-protection-1.5.2.gemspec
I, [2014-02-11T23:03:42.077780 #58325]  INFO -- : 0:  shotgun (0.9) from /Users/makis/.rvm/gems/ruby-2.1.0/specifications/shotgun-0.9.gemspec
I, [2014-02-11T23:03:42.078391 #58325]  INFO -- : 0:  tilt (1.4.1) from /Users/makis/.rvm/gems/ruby-2.1.0/specifications/tilt-1.4.1.gemspec
I, [2014-02-11T23:03:42.079118 #58325]  INFO -- : 0:  sinatra (1.4.4) from /Users/makis/.rvm/gems/ruby-2.1.0/specifications/sinatra-1.4.4.gemspec
I, [2014-02-11T23:03:42.079541 #58325]  INFO -- : 0:  bundler (1.5.1) from /Users/makis/.rvm/gems/ruby-2.1.0@global/specifications/bundler-1.5.1.gemspec
I, [2014-02-12T11:41:45.372305 #64429]  INFO -- : 0:  addressable (2.3.5) from /Users/makis/.rvm/gems/ruby-2.1.0/specifications/addressable-2.3.5.gemspec
I, [2014-02-12T11:41:45.375979 #64429]  INFO -- : 0:  bcrypt-ruby (3.1.2) from /Users/makis/.rvm/gems/ruby-2.1.0/specifications/bcrypt-ruby-3.1.2.gemspec
I, [2014-02-12T11:41:45.376294 #64429]  INFO -- : 0:  dm-core (1.2.1) from /Users/makis/.rvm/gems/ruby-2.1.0/specifications/dm-core-1.2.1.gemspec
I, [2014-02-12T11:41:45.376546 #64429]  INFO -- : 0:  dm-aggregates (1.2.0) from /Users/makis/.rvm/gems/ruby-2.1.0/specifications/dm-aggregates-1.2.0.gemspec
I, [2014-02-12T11:41:45.376797 #64429]  INFO -- : 0:  dm-constraints (1.2.0) from /Users/makis/.rvm/gems/ruby-2.1.0/specifications/dm-constraints-1.2.0.gemspec
I, [2014-02-12T11:41:45.377046 #64429]  INFO -- : 0:  dm-migrations (1.2.0) from /Users/makis/.rvm/gems/ruby-2.1.0/specifications/dm-migrations-1.2.0.gemspec
I, [2014-02-12T11:41:45.377322 #64429]  INFO -- : 0:  fastercsv (1.5.5) from /Users/makis/.rvm/gems/ruby-2.1.0/specifications/fastercsv-1.5.5.gemspec
I, [2014-02-12T11:41:45.377572 #64429]  INFO -- : 0:  json (1.8.1) from /Users/makis/.rvm/rubies/ruby-2.1.0/lib/ruby/gems/2.1.0/specifications/default/json-1.8.1.gemspec
I, [2014-02-12T11:41:45.377829 #64429]  INFO -- : 0:  json_pure (1.8.1) from /Users/makis/.rvm/gems/ruby-2.1.0/specifications/json_pure-1.8.1.gemspec
I, [2014-02-12T11:41:45.378073 #64429]  INFO -- : 0:  multi_json (1.8.4) from /Users/makis/.rvm/gems/ruby-2.1.0/specifications/multi_json-1.8.4.gemspec
I, [2014-02-12T11:41:45.378330 #64429]  INFO -- : 0:  dm-serializer (1.2.2) from /Users/makis/.rvm/gems/ruby-2.1.0/specifications/dm-serializer-1.2.2.gemspec
I, [2014-02-12T11:41:45.378569 #64429]  INFO -- : 0:  dm-timestamps (1.2.0) from /Users/makis/.rvm/gems/ruby-2.1.0/specifications/dm-timestamps-1.2.0.gemspec
I, [2014-02-12T11:41:45.378825 #64429]  INFO -- : 0:  dm-transactions (1.2.0) from /Users/makis/.rvm/gems/ruby-2.1.0/specifications/dm-transactions-1.2.0.gemspec
I, [2014-02-12T11:41:45.379091 #64429]  INFO -- : 0:  stringex (1.5.1) from /Users/makis/.rvm/gems/ruby-2.1.0/specifications/stringex-1.5.1.gemspec
I, [2014-02-12T11:41:45.379349 #64429]  INFO -- : 0:  uuidtools (2.1.4) from /Users/makis/.rvm/gems/ruby-2.1.0/specifications/uuidtools-2.1.4.gemspec
I, [2014-02-12T11:41:45.379643 #64429]  INFO -- : 0:  dm-types (1.2.2) from /Users/makis/.rvm/gems/ruby-2.1.0/specifications/dm-types-1.2.2.gemspec
I, [2014-02-12T11:41:45.379885 #64429]  INFO -- : 0:  dm-validations (1.2.0) from /Users/makis/.rvm/gems/ruby-2.1.0/specifications/dm-validations-1.2.0.gemspec
I, [2014-02-12T11:41:45.380134 #64429]  INFO -- : 0:  data_mapper (1.2.0) from /Users/makis/.rvm/gems/ruby-2.1.0/specifications/data_mapper-1.2.0.gemspec
I, [2014-02-12T11:41:45.380420 #64429]  INFO -- : 0:  data_objects (0.10.13) from /Users/makis/.rvm/gems/ruby-2.1.0/specifications/data_objects-0.10.13.gemspec
I, [2014-02-12T11:41:53.171779 #64429]  INFO -- : 0:  database_cleaner (1.2.0) from /Users/makis/.rvm/gems/ruby-2.1.0/specifications/database_cleaner-1.2.0.gemspec
I, [2014-02-12T11:41:53.172179 #64429]  INFO -- : 0:  diff-lcs (1.2.5) from /Users/makis/.rvm/gems/ruby-2.1.0/specifications/diff-lcs-1.2.5.gemspec
I, [2014-02-12T11:41:53.172465 #64429]  INFO -- : 0:  dm-do-adapter (1.2.0) from /Users/makis/.rvm/gems/ruby-2.1.0/specifications/dm-do-adapter-1.2.0.gemspec
I, [2014-02-12T11:41:53.172717 #64429]  INFO -- : 0:  do_postgres (0.10.13) from /Users/makis/.rvm/gems/ruby-2.1.0/specifications/do_postgres-0.10.13.gemspec
I, [2014-02-12T11:41:53.172958 #64429]  INFO -- : 0:  dm-postgres-adapter (1.2.0) from /Users/makis/.rvm/gems/ruby-2.1.0/specifications/dm-postgres-adapter-1.2.0.gemspec
I, [2014-02-12T11:41:53.173200 #64429]  INFO -- : 0:  rack (1.5.2) from /Users/makis/.rvm/gems/ruby-2.1.0/specifications/rack-1.5.2.gemspec
I, [2014-02-12T11:41:53.173645 #64429]  INFO -- : 0:  rack-protection (1.5.2) from /Users/makis/.rvm/gems/ruby-2.1.0/specifications/rack-protection-1.5.2.gemspec
I, [2014-02-12T11:41:53.173961 #64429]  INFO -- : 0:  rspec-core (2.14.7) from /Users/makis/.rvm/gems/ruby-2.1.0/specifications/rspec-core-2.14.7.gemspec
I, [2014-02-12T11:41:53.174250 #64429]  INFO -- : 0:  rspec-expectations (2.14.4) from /Users/makis/.rvm/gems/ruby-2.1.0/specifications/rspec-expectations-2.14.4.gemspec
I, [2014-02-12T11:41:53.174529 #64429]  INFO -- : 0:  rspec-mocks (2.14.4) from /Users/makis/.rvm/gems/ruby-2.1.0/specifications/rspec-mocks-2.14.4.gemspec
I, [2014-02-12T11:41:53.174818 #64429]  INFO -- : 0:  rspec (2.14.1) from /Users/makis/.rvm/gems/ruby-2.1.0/specifications/rspec-2.14.1.gemspec
I, [2014-02-12T11:41:53.175069 #64429]  INFO -- : 0:  shotgun (0.9) from /Users/makis/.rvm/gems/ruby-2.1.0/specifications/shotgun-0.9.gemspec
I, [2014-02-12T11:41:53.175324 #64429]  INFO -- : 0:  tilt (1.4.1) from /Users/makis/.rvm/gems/ruby-2.1.0/specifications/tilt-1.4.1.gemspec
I, [2014-02-12T11:41:53.175570 #64429]  INFO -- : 0:  sinatra (1.4.4) from /Users/makis/.rvm/gems/ruby-2.1.0/specifications/sinatra-1.4.4.gemspec
I, [2014-02-12T11:41:53.175809 #64429]  INFO -- : 0:  bundler (1.5.1) from /Users/makis/.rvm/gems/ruby-2.1.0@global/specifications/bundler-1.5.1.gemspec
I, [2014-02-12T13:45:51.326926 #65507]  INFO -- : 0:  addressable (2.3.5) from /Users/makis/.rvm/gems/ruby-2.1.0/specifications/addressable-2.3.5.gemspec
I, [2014-02-12T13:45:51.329959 #65507]  INFO -- : 0:  bcrypt-ruby (3.1.2) from /Users/makis/.rvm/gems/ruby-2.1.0/specifications/bcrypt-ruby-3.1.2.gemspec
I, [2014-02-12T13:45:56.324613 #65507]  INFO -- : 0:  mime-types (2.1) from /Users/makis/.rvm/gems/ruby-2.1.0/specifications/mime-types-2.1.gemspec
I, [2014-02-12T13:45:58.280641 #65507]  INFO -- : 0:  mini_portile (0.5.2) from /Users/makis/.rvm/gems/ruby-2.1.0/specifications/mini_portile-0.5.2.gemspec
I, [2014-02-12T13:51:14.473199 #65507]  INFO -- : 0:  nokogiri (1.6.1) from /Users/makis/.rvm/gems/ruby-2.1.0/specifications/nokogiri-1.6.1.gemspec
I, [2014-02-12T13:51:14.474614 #65507]  INFO -- : 0:  rack (1.5.2) from /Users/makis/.rvm/gems/ruby-2.1.0/specifications/rack-1.5.2.gemspec
I, [2014-02-12T13:51:17.882796 #65507]  INFO -- : 0:  rack-test (0.6.2) from /Users/makis/.rvm/gems/ruby-2.1.0/specifications/rack-test-0.6.2.gemspec
I, [2014-02-12T13:51:19.726219 #65507]  INFO -- : 0:  xpath (2.0.0) from /Users/makis/.rvm/gems/ruby-2.1.0/specifications/xpath-2.0.0.gemspec
I, [2014-02-12T13:51:27.219148 #65507]  INFO -- : 0:  capybara (2.2.1) from /Users/makis/.rvm/gems/ruby-2.1.0/specifications/capybara-2.2.1.gemspec
I, [2014-02-12T13:51:27.219591 #65507]  INFO -- : 0:  dm-core (1.2.1) from /Users/makis/.rvm/gems/ruby-2.1.0/specifications/dm-core-1.2.1.gemspec
I, [2014-02-12T13:51:27.219893 #65507]  INFO -- : 0:  dm-aggregates (1.2.0) from /Users/makis/.rvm/gems/ruby-2.1.0/specifications/dm-aggregates-1.2.0.gemspec
I, [2014-02-12T13:51:27.220191 #65507]  INFO -- : 0:  dm-constraints (1.2.0) from /Users/makis/.rvm/gems/ruby-2.1.0/specifications/dm-constraints-1.2.0.gemspec
I, [2014-02-12T13:51:27.220513 #65507]  INFO -- : 0:  dm-migrations (1.2.0) from /Users/makis/.rvm/gems/ruby-2.1.0/specifications/dm-migrations-1.2.0.gemspec
I, [2014-02-12T13:51:27.220777 #65507]  INFO -- : 0:  fastercsv (1.5.5) from /Users/makis/.rvm/gems/ruby-2.1.0/specifications/fastercsv-1.5.5.gemspec
I, [2014-02-12T13:51:27.221054 #65507]  INFO -- : 0:  json (1.8.1) from /Users/makis/.rvm/rubies/ruby-2.1.0/lib/ruby/gems/2.1.0/specifications/default/json-1.8.1.gemspec
I, [2014-02-12T13:51:27.221332 #65507]  INFO -- : 0:  json_pure (1.8.1) from /Users/makis/.rvm/gems/ruby-2.1.0/specifications/json_pure-1.8.1.gemspec
I, [2014-02-12T13:51:27.221617 #65507]  INFO -- : 0:  multi_json (1.8.4) from /Users/makis/.rvm/gems/ruby-2.1.0/specifications/multi_json-1.8.4.gemspec
I, [2014-02-12T13:51:27.221880 #65507]  INFO -- : 0:  dm-serializer (1.2.2) from /Users/makis/.rvm/gems/ruby-2.1.0/specifications/dm-serializer-1.2.2.gemspec
I, [2014-02-12T13:51:27.222170 #65507]  INFO -- : 0:  dm-timestamps (1.2.0) from /Users/makis/.rvm/gems/ruby-2.1.0/specifications/dm-timestamps-1.2.0.gemspec
I, [2014-02-12T13:51:27.222454 #65507]  INFO -- : 0:  dm-transactions (1.2.0) from /Users/makis/.rvm/gems/ruby-2.1.0/specifications/dm-transactions-1.2.0.gemspec
I, [2014-02-12T13:51:27.222729 #65507]  INFO -- : 0:  stringex (1.5.1) from /Users/makis/.rvm/gems/ruby-2.1.0/specifications/stringex-1.5.1.gemspec
I, [2014-02-12T13:51:27.223069 #65507]  INFO -- : 0:  uuidtools (2.1.4) from /Users/makis/.rvm/gems/ruby-2.1.0/specifications/uuidtools-2.1.4.gemspec
I, [2014-02-12T13:51:27.223328 #65507]  INFO -- : 0:  dm-types (1.2.2) from /Users/makis/.rvm/gems/ruby-2.1.0/specifications/dm-types-1.2.2.gemspec
I, [2014-02-12T13:51:27.223593 #65507]  INFO -- : 0:  dm-validations (1.2.0) from /Users/makis/.rvm/gems/ruby-2.1.0/specifications/dm-validations-1.2.0.gemspec
I, [2014-02-12T13:51:27.223978 #65507]  INFO -- : 0:  data_mapper (1.2.0) from /Users/makis/.rvm/gems/ruby-2.1.0/specifications/data_mapper-1.2.0.gemspec
I, [2014-02-12T13:51:27.224250 #65507]  INFO -- : 0:  data_objects (0.10.13) from /Users/makis/.rvm/gems/ruby-2.1.0/specifications/data_objects-0.10.13.gemspec
I, [2014-02-12T13:51:27.224519 #65507]  INFO -- : 0:  database_cleaner (1.2.0) from /Users/makis/.rvm/gems/ruby-2.1.0/specifications/database_cleaner-1.2.0.gemspec
I, [2014-02-12T13:51:27.224758 #65507]  INFO -- : 0:  diff-lcs (1.2.5) from /Users/makis/.rvm/gems/ruby-2.1.0/specifications/diff-lcs-1.2.5.gemspec
I, [2014-02-12T13:51:27.225131 #65507]  INFO -- : 0:  dm-do-adapter (1.2.0) from /Users/makis/.rvm/gems/ruby-2.1.0/specifications/dm-do-adapter-1.2.0.gemspec
I, [2014-02-12T13:51:27.225383 #65507]  INFO -- : 0:  do_postgres (0.10.13) from /Users/makis/.rvm/gems/ruby-2.1.0/specifications/do_postgres-0.10.13.gemspec
I, [2014-02-12T13:51:27.228531 #65507]  INFO -- : 0:  dm-postgres-adapter (1.2.0) from /Users/makis/.rvm/gems/ruby-2.1.0/specifications/dm-postgres-adapter-1.2.0.gemspec
I, [2014-02-12T13:51:27.228832 #65507]  INFO -- : 0:  rack-protection (1.5.2) from /Users/makis/.rvm/gems/ruby-2.1.0/specifications/rack-protection-1.5.2.gemspec
I, [2014-02-12T13:51:27.232028 #65507]  INFO -- : 0:  rspec-core (2.14.7) from /Users/makis/.rvm/gems/ruby-2.1.0/specifications/rspec-core-2.14.7.gemspec
I, [2014-02-12T13:51:27.232506 #65507]  INFO -- : 0:  rspec-expectations (2.14.4) from /Users/makis/.rvm/gems/ruby-2.1.0/specifications/rspec-expectations-2.14.4.gemspec
I, [2014-02-12T13:51:27.232935 #65507]  INFO -- : 0:  rspec-mocks (2.14.4) from /Users/makis/.rvm/gems/ruby-2.1.0/specifications/rspec-mocks-2.14.4.gemspec
I, [2014-02-12T13:51:27.233370 #65507]  INFO -- : 0:  rspec (2.14.1) from /Users/makis/.rvm/gems/ruby-2.1.0/specifications/rspec-2.14.1.gemspec
I, [2014-02-12T13:51:27.233782 #65507]  INFO -- : 0:  shotgun (0.9) from /Users/makis/.rvm/gems/ruby-2.1.0/specifications/shotgun-0.9.gemspec
I, [2014-02-12T13:51:27.234228 #65507]  INFO -- : 0:  tilt (1.4.1) from /Users/makis/.rvm/gems/ruby-2.1.0/specifications/tilt-1.4.1.gemspec
I, [2014-02-12T13:51:27.234562 #65507]  INFO -- : 0:  sinatra (1.4.4) from /Users/makis/.rvm/gems/ruby-2.1.0/specifications/sinatra-1.4.4.gemspec
I, [2014-02-12T13:51:27.234813 #65507]  INFO -- : 0:  bundler (1.5.1) from /Users/makis/.rvm/gems/ruby-2.1.0@global/specifications/bundler-1.5.1.gemspec
I, [2014-02-12T16:19:57.147967 #87390]  INFO -- : 0:  addressable (2.3.5) from /Users/makis/.rvm/gems/ruby-2.1.0/specifications/addressable-2.3.5.gemspec
I, [2014-02-12T16:19:57.154057 #87390]  INFO -- : 0:  bcrypt-ruby (3.1.2) from /Users/makis/.rvm/gems/ruby-2.1.0/specifications/bcrypt-ruby-3.1.2.gemspec
I, [2014-02-12T16:19:57.154573 #87390]  INFO -- : 0:  mime-types (2.1) from /Users/makis/.rvm/gems/ruby-2.1.0/specifications/mime-types-2.1.gemspec
I, [2014-02-12T16:19:57.154962 #87390]  INFO -- : 0:  mini_portile (0.5.2) from /Users/makis/.rvm/gems/ruby-2.1.0/specifications/mini_portile-0.5.2.gemspec
I, [2014-02-12T16:19:57.155225 #87390]  INFO -- : 0:  nokogiri (1.6.1) from /Users/makis/.rvm/gems/ruby-2.1.0/specifications/nokogiri-1.6.1.gemspec
I, [2014-02-12T16:19:57.155466 #87390]  INFO -- : 0:  rack (1.5.2) from /Users/makis/.rvm/gems/ruby-2.1.0/specifications/rack-1.5.2.gemspec
I, [2014-02-12T16:19:57.155704 #87390]  INFO -- : 0:  rack-test (0.6.2) from /Users/makis/.rvm/gems/ruby-2.1.0/specifications/rack-test-0.6.2.gemspec
I, [2014-02-12T16:19:57.155934 #87390]  INFO -- : 0:  xpath (2.0.0) from /Users/makis/.rvm/gems/ruby-2.1.0/specifications/xpath-2.0.0.gemspec
I, [2014-02-12T16:19:57.156167 #87390]  INFO -- : 0:  capybara (2.2.1) from /Users/makis/.rvm/gems/ruby-2.1.0/specifications/capybara-2.2.1.gemspec
I, [2014-02-12T16:19:57.156388 #87390]  INFO -- : 0:  dm-core (1.2.1) from /Users/makis/.rvm/gems/ruby-2.1.0/specifications/dm-core-1.2.1.gemspec
I, [2014-02-12T16:19:57.156609 #87390]  INFO -- : 0:  dm-aggregates (1.2.0) from /Users/makis/.rvm/gems/ruby-2.1.0/specifications/dm-aggregates-1.2.0.gemspec
I, [2014-02-12T16:19:57.156828 #87390]  INFO -- : 0:  dm-constraints (1.2.0) from /Users/makis/.rvm/gems/ruby-2.1.0/specifications/dm-constraints-1.2.0.gemspec
I, [2014-02-12T16:19:57.157132 #87390]  INFO -- : 0:  dm-migrations (1.2.0) from /Users/makis/.rvm/gems/ruby-2.1.0/specifications/dm-migrations-1.2.0.gemspec
I, [2014-02-12T16:19:57.157388 #87390]  INFO -- : 0:  fastercsv (1.5.5) from /Users/makis/.rvm/gems/ruby-2.1.0/specifications/fastercsv-1.5.5.gemspec
I, [2014-02-12T16:19:57.157640 #87390]  INFO -- : 0:  json (1.8.1) from /Users/makis/.rvm/rubies/ruby-2.1.0/lib/ruby/gems/2.1.0/specifications/default/json-1.8.1.gemspec
I, [2014-02-12T16:19:57.157903 #87390]  INFO -- : 0:  json_pure (1.8.1) from /Users/makis/.rvm/gems/ruby-2.1.0/specifications/json_pure-1.8.1.gemspec
I, [2014-02-12T16:19:57.158192 #87390]  INFO -- : 0:  multi_json (1.8.4) from /Users/makis/.rvm/gems/ruby-2.1.0/specifications/multi_json-1.8.4.gemspec
I, [2014-02-12T16:19:57.158530 #87390]  INFO -- : 0:  dm-serializer (1.2.2) from /Users/makis/.rvm/gems/ruby-2.1.0/specifications/dm-serializer-1.2.2.gemspec
I, [2014-02-12T16:19:57.158857 #87390]  INFO -- : 0:  dm-timestamps (1.2.0) from /Users/makis/.rvm/gems/ruby-2.1.0/specifications/dm-timestamps-1.2.0.gemspec
I, [2014-02-12T16:19:57.159167 #87390]  INFO -- : 0:  dm-transactions (1.2.0) from /Users/makis/.rvm/gems/ruby-2.1.0/specifications/dm-transactions-1.2.0.gemspec
I, [2014-02-12T16:19:57.159489 #87390]  INFO -- : 0:  stringex (1.5.1) from /Users/makis/.rvm/gems/ruby-2.1.0/specifications/stringex-1.5.1.gemspec
I, [2014-02-12T16:19:57.159757 #87390]  INFO -- : 0:  uuidtools (2.1.4) from /Users/makis/.rvm/gems/ruby-2.1.0/specifications/uuidtools-2.1.4.gemspec
I, [2014-02-12T16:19:57.160013 #87390]  INFO -- : 0:  dm-types (1.2.2) from /Users/makis/.rvm/gems/ruby-2.1.0/specifications/dm-types-1.2.2.gemspec
I, [2014-02-12T16:19:57.160288 #87390]  INFO -- : 0:  dm-validations (1.2.0) from /Users/makis/.rvm/gems/ruby-2.1.0/specifications/dm-validations-1.2.0.gemspec
I, [2014-02-12T16:19:57.160538 #87390]  INFO -- : 0:  data_mapper (1.2.0) from /Users/makis/.rvm/gems/ruby-2.1.0/specifications/data_mapper-1.2.0.gemspec
I, [2014-02-12T16:19:57.160805 #87390]  INFO -- : 0:  data_objects (0.10.13) from /Users/makis/.rvm/gems/ruby-2.1.0/specifications/data_objects-0.10.13.gemspec
I, [2014-02-12T16:19:57.161123 #87390]  INFO -- : 0:  database_cleaner (1.2.0) from /Users/makis/.rvm/gems/ruby-2.1.0/specifications/database_cleaner-1.2.0.gemspec
I, [2014-02-12T16:19:57.161454 #87390]  INFO -- : 0:  diff-lcs (1.2.5) from /Users/makis/.rvm/gems/ruby-2.1.0/specifications/diff-lcs-1.2.5.gemspec
I, [2014-02-12T16:19:57.161708 #87390]  INFO -- : 0:  dm-do-adapter (1.2.0) from /Users/makis/.rvm/gems/ruby-2.1.0/specifications/dm-do-adapter-1.2.0.gemspec
I, [2014-02-12T16:19:57.161947 #87390]  INFO -- : 0:  do_postgres (0.10.13) from /Users/makis/.rvm/gems/ruby-2.1.0/specifications/do_postgres-0.10.13.gemspec
I, [2014-02-12T16:19:57.162212 #87390]  INFO -- : 0:  dm-postgres-adapter (1.2.0) from /Users/makis/.rvm/gems/ruby-2.1.0/specifications/dm-postgres-adapter-1.2.0.gemspec
I, [2014-02-12T16:19:57.162455 #87390]  INFO -- : 0:  rack-protection (1.5.2) from /Users/makis/.rvm/gems/ruby-2.1.0/specifications/rack-protection-1.5.2.gemspec
I, [2014-02-12T16:19:57.162704 #87390]  INFO -- : 0:  rspec-core (2.14.7) from /Users/makis/.rvm/gems/ruby-2.1.0/specifications/rspec-core-2.14.7.gemspec
I, [2014-02-12T16:19:57.162943 #87390]  INFO -- : 0:  rspec-expectations (2.14.4) from /Users/makis/.rvm/gems/ruby-2.1.0/specifications/rspec-expectations-2.14.4.gemspec
I, [2014-02-12T16:19:57.163200 #87390]  INFO -- : 0:  rspec-mocks (2.14.4) from /Users/makis/.rvm/gems/ruby-2.1.0/specifications/rspec-mocks-2.14.4.gemspec
I, [2014-02-12T16:19:57.163474 #87390]  INFO -- : 0:  rspec (2.14.1) from /Users/makis/.rvm/gems/ruby-2.1.0/specifications/rspec-2.14.1.gemspec
I, [2014-02-12T16:19:57.163737 #87390]  INFO -- : 0:  shotgun (0.9) from /Users/makis/.rvm/gems/ruby-2.1.0/specifications/shotgun-0.9.gemspec
I, [2014-02-12T16:19:57.163980 #87390]  INFO -- : 0:  tilt (1.4.1) from /Users/makis/.rvm/gems/ruby-2.1.0/specifications/tilt-1.4.1.gemspec
I, [2014-02-12T16:19:57.164253 #87390]  INFO -- : 0:  sinatra (1.4.4) from /Users/makis/.rvm/gems/ruby-2.1.0/specifications/sinatra-1.4.4.gemspec
I, [2014-02-12T16:19:57.164534 #87390]  INFO -- : 0:  bundler (1.5.1) from /Users/makis/.rvm/gems/ruby-2.1.0@global/specifications/bundler-1.5.1.gemspec
I, [2014-02-13T15:02:14.558166 #49645]  INFO -- : 0:  addressable (2.3.5) from /Users/makis/.rvm/gems/ruby-2.1.0/specifications/addressable-2.3.5.gemspec
I, [2014-02-13T15:02:14.561636 #49645]  INFO -- : 0:  bcrypt-ruby (3.1.2) from /Users/makis/.rvm/gems/ruby-2.1.0/specifications/bcrypt-ruby-3.1.2.gemspec
I, [2014-02-13T15:02:14.561950 #49645]  INFO -- : 0:  mime-types (2.1) from /Users/makis/.rvm/gems/ruby-2.1.0/specifications/mime-types-2.1.gemspec
I, [2014-02-13T15:02:14.562215 #49645]  INFO -- : 0:  mini_portile (0.5.2) from /Users/makis/.rvm/gems/ruby-2.1.0/specifications/mini_portile-0.5.2.gemspec
I, [2014-02-13T15:02:14.562490 #49645]  INFO -- : 0:  nokogiri (1.6.1) from /Users/makis/.rvm/gems/ruby-2.1.0/specifications/nokogiri-1.6.1.gemspec
I, [2014-02-13T15:02:14.562747 #49645]  INFO -- : 0:  rack (1.5.2) from /Users/makis/.rvm/gems/ruby-2.1.0/specifications/rack-1.5.2.gemspec
I, [2014-02-13T15:02:14.563006 #49645]  INFO -- : 0:  rack-test (0.6.2) from /Users/makis/.rvm/gems/ruby-2.1.0/specifications/rack-test-0.6.2.gemspec
I, [2014-02-13T15:02:14.563278 #49645]  INFO -- : 0:  xpath (2.0.0) from /Users/makis/.rvm/gems/ruby-2.1.0/specifications/xpath-2.0.0.gemspec
I, [2014-02-13T15:02:14.563532 #49645]  INFO -- : 0:  capybara (2.2.1) from /Users/makis/.rvm/gems/ruby-2.1.0/specifications/capybara-2.2.1.gemspec
I, [2014-02-13T15:02:14.563785 #49645]  INFO -- : 0:  dm-core (1.2.1) from /Users/makis/.rvm/gems/ruby-2.1.0/specifications/dm-core-1.2.1.gemspec
I, [2014-02-13T15:02:14.564080 #49645]  INFO -- : 0:  dm-aggregates (1.2.0) from /Users/makis/.rvm/gems/ruby-2.1.0/specifications/dm-aggregates-1.2.0.gemspec
I, [2014-02-13T15:02:14.564322 #49645]  INFO -- : 0:  dm-constraints (1.2.0) from /Users/makis/.rvm/gems/ruby-2.1.0/specifications/dm-constraints-1.2.0.gemspec
I, [2014-02-13T15:02:14.564551 #49645]  INFO -- : 0:  dm-migrations (1.2.0) from /Users/makis/.rvm/gems/ruby-2.1.0/specifications/dm-migrations-1.2.0.gemspec
I, [2014-02-13T15:02:14.564788 #49645]  INFO -- : 0:  fastercsv (1.5.5) from /Users/makis/.rvm/gems/ruby-2.1.0/specifications/fastercsv-1.5.5.gemspec
I, [2014-02-13T15:02:14.565023 #49645]  INFO -- : 0:  json (1.8.1) from /Users/makis/.rvm/rubies/ruby-2.1.0/lib/ruby/gems/2.1.0/specifications/default/json-1.8.1.gemspec
I, [2014-02-13T15:02:14.565282 #49645]  INFO -- : 0:  json_pure (1.8.1) from /Users/makis/.rvm/gems/ruby-2.1.0/specifications/json_pure-1.8.1.gemspec
I, [2014-02-13T15:02:14.565574 #49645]  INFO -- : 0:  multi_json (1.8.4) from /Users/makis/.rvm/gems/ruby-2.1.0/specifications/multi_json-1.8.4.gemspec
I, [2014-02-13T15:02:14.565839 #49645]  INFO -- : 0:  dm-serializer (1.2.2) from /Users/makis/.rvm/gems/ruby-2.1.0/specifications/dm-serializer-1.2.2.gemspec
I, [2014-02-13T15:02:14.566103 #49645]  INFO -- : 0:  dm-timestamps (1.2.0) from /Users/makis/.rvm/gems/ruby-2.1.0/specifications/dm-timestamps-1.2.0.gemspec
I, [2014-02-13T15:02:14.566408 #49645]  INFO -- : 0:  dm-transactions (1.2.0) from /Users/makis/.rvm/gems/ruby-2.1.0/specifications/dm-transactions-1.2.0.gemspec
I, [2014-02-13T15:02:14.566670 #49645]  INFO -- : 0:  stringex (1.5.1) from /Users/makis/.rvm/gems/ruby-2.1.0/specifications/stringex-1.5.1.gemspec
I, [2014-02-13T15:02:14.566904 #49645]  INFO -- : 0:  uuidtools (2.1.4) from /Users/makis/.rvm/gems/ruby-2.1.0/specifications/uuidtools-2.1.4.gemspec
I, [2014-02-13T15:02:14.567151 #49645]  INFO -- : 0:  dm-types (1.2.2) from /Users/makis/.rvm/gems/ruby-2.1.0/specifications/dm-types-1.2.2.gemspec
I, [2014-02-13T15:02:14.567414 #49645]  INFO -- : 0:  dm-validations (1.2.0) from /Users/makis/.rvm/gems/ruby-2.1.0/specifications/dm-validations-1.2.0.gemspec
I, [2014-02-13T15:02:14.567665 #49645]  INFO -- : 0:  data_mapper (1.2.0) from /Users/makis/.rvm/gems/ruby-2.1.0/specifications/data_mapper-1.2.0.gemspec
I, [2014-02-13T15:02:14.567926 #49645]  INFO -- : 0:  data_objects (0.10.13) from /Users/makis/.rvm/gems/ruby-2.1.0/specifications/data_objects-0.10.13.gemspec
I, [2014-02-13T15:02:14.568161 #49645]  INFO -- : 0:  database_cleaner (1.2.0) from /Users/makis/.rvm/gems/ruby-2.1.0/specifications/database_cleaner-1.2.0.gemspec
I, [2014-02-13T15:02:14.568408 #49645]  INFO -- : 0:  diff-lcs (1.2.5) from /Users/makis/.rvm/gems/ruby-2.1.0/specifications/diff-lcs-1.2.5.gemspec
I, [2014-02-13T15:02:14.568645 #49645]  INFO -- : 0:  dm-do-adapter (1.2.0) from /Users/makis/.rvm/gems/ruby-2.1.0/specifications/dm-do-adapter-1.2.0.gemspec
I, [2014-02-13T15:02:14.568880 #49645]  INFO -- : 0:  do_postgres (0.10.13) from /Users/makis/.rvm/gems/ruby-2.1.0/specifications/do_postgres-0.10.13.gemspec
I, [2014-02-13T15:02:14.569141 #49645]  INFO -- : 0:  dm-postgres-adapter (1.2.0) from /Users/makis/.rvm/gems/ruby-2.1.0/specifications/dm-postgres-adapter-1.2.0.gemspec
I, [2014-02-13T15:02:14.569381 #49645]  INFO -- : 0:  rack-protection (1.5.2) from /Users/makis/.rvm/gems/ruby-2.1.0/specifications/rack-protection-1.5.2.gemspec
I, [2014-02-13T15:02:14.569628 #49645]  INFO -- : 0:  rspec-core (2.14.7) from /Users/makis/.rvm/gems/ruby-2.1.0/specifications/rspec-core-2.14.7.gemspec
I, [2014-02-13T15:02:14.569867 #49645]  INFO -- : 0:  rspec-expectations (2.14.4) from /Users/makis/.rvm/gems/ruby-2.1.0/specifications/rspec-expectations-2.14.4.gemspec
I, [2014-02-13T15:02:14.570136 #49645]  INFO -- : 0:  rspec-mocks (2.14.4) from /Users/makis/.rvm/gems/ruby-2.1.0/specifications/rspec-mocks-2.14.4.gemspec
I, [2014-02-13T15:02:14.570385 #49645]  INFO -- : 0:  rspec (2.14.1) from /Users/makis/.rvm/gems/ruby-2.1.0/specifications/rspec-2.14.1.gemspec
I, [2014-02-13T15:02:14.570624 #49645]  INFO -- : 0:  shotgun (0.9) from /Users/makis/.rvm/gems/ruby-2.1.0/specifications/shotgun-0.9.gemspec
I, [2014-02-13T15:02:14.570871 #49645]  INFO -- : 0:  tilt (1.4.1) from /Users/makis/.rvm/gems/ruby-2.1.0/specifications/tilt-1.4.1.gemspec
I, [2014-02-13T15:02:14.571136 #49645]  INFO -- : 0:  sinatra (1.4.4) from /Users/makis/.rvm/gems/ruby-2.1.0/specifications/sinatra-1.4.4.gemspec
I, [2014-02-13T15:02:14.571441 #49645]  INFO -- : 0:  bundler (1.5.1) from /Users/makis/.rvm/gems/ruby-2.1.0@global/specifications/bundler-1.5.1.gemspec
I, [2014-02-13T16:15:55.754005 #53721]  INFO -- : 0:  addressable (2.3.5) from /Users/makis/.rvm/gems/ruby-2.1.0/specifications/addressable-2.3.5.gemspec
I, [2014-02-13T16:15:55.757723 #53721]  INFO -- : 0:  bcrypt-ruby (3.1.2) from /Users/makis/.rvm/gems/ruby-2.1.0/specifications/bcrypt-ruby-3.1.2.gemspec
I, [2014-02-13T16:15:55.758088 #53721]  INFO -- : 0:  mime-types (2.1) from /Users/makis/.rvm/gems/ruby-2.1.0/specifications/mime-types-2.1.gemspec
I, [2014-02-13T16:15:55.758343 #53721]  INFO -- : 0:  mini_portile (0.5.2) from /Users/makis/.rvm/gems/ruby-2.1.0/specifications/mini_portile-0.5.2.gemspec
I, [2014-02-13T16:15:55.758603 #53721]  INFO -- : 0:  nokogiri (1.6.1) from /Users/makis/.rvm/gems/ruby-2.1.0/specifications/nokogiri-1.6.1.gemspec
I, [2014-02-13T16:15:55.758853 #53721]  INFO -- : 0:  rack (1.5.2) from /Users/makis/.rvm/gems/ruby-2.1.0/specifications/rack-1.5.2.gemspec
I, [2014-02-13T16:15:55.759105 #53721]  INFO -- : 0:  rack-test (0.6.2) from /Users/makis/.rvm/gems/ruby-2.1.0/specifications/rack-test-0.6.2.gemspec
I, [2014-02-13T16:15:55.759377 #53721]  INFO -- : 0:  xpath (2.0.0) from /Users/makis/.rvm/gems/ruby-2.1.0/specifications/xpath-2.0.0.gemspec
I, [2014-02-13T16:15:55.759618 #53721]  INFO -- : 0:  capybara (2.2.1) from /Users/makis/.rvm/gems/ruby-2.1.0/specifications/capybara-2.2.1.gemspec
I, [2014-02-13T16:15:55.759868 #53721]  INFO -- : 0:  dm-core (1.2.1) from /Users/makis/.rvm/gems/ruby-2.1.0/specifications/dm-core-1.2.1.gemspec
I, [2014-02-13T16:15:55.760109 #53721]  INFO -- : 0:  dm-aggregates (1.2.0) from /Users/makis/.rvm/gems/ruby-2.1.0/specifications/dm-aggregates-1.2.0.gemspec
I, [2014-02-13T16:15:55.760352 #53721]  INFO -- : 0:  dm-constraints (1.2.0) from /Users/makis/.rvm/gems/ruby-2.1.0/specifications/dm-constraints-1.2.0.gemspec
I, [2014-02-13T16:15:55.760590 #53721]  INFO -- : 0:  dm-migrations (1.2.0) from /Users/makis/.rvm/gems/ruby-2.1.0/specifications/dm-migrations-1.2.0.gemspec
I, [2014-02-13T16:15:55.760830 #53721]  INFO -- : 0:  fastercsv (1.5.5) from /Users/makis/.rvm/gems/ruby-2.1.0/specifications/fastercsv-1.5.5.gemspec
I, [2014-02-13T16:15:55.761066 #53721]  INFO -- : 0:  json (1.8.1) from /Users/makis/.rvm/rubies/ruby-2.1.0/lib/ruby/gems/2.1.0/specifications/default/json-1.8.1.gemspec
I, [2014-02-13T16:15:55.761307 #53721]  INFO -- : 0:  json_pure (1.8.1) from /Users/makis/.rvm/gems/ruby-2.1.0/specifications/json_pure-1.8.1.gemspec
I, [2014-02-13T16:15:55.761547 #53721]  INFO -- : 0:  multi_json (1.8.4) from /Users/makis/.rvm/gems/ruby-2.1.0/specifications/multi_json-1.8.4.gemspec
I, [2014-02-13T16:15:55.761788 #53721]  INFO -- : 0:  dm-serializer (1.2.2) from /Users/makis/.rvm/gems/ruby-2.1.0/specifications/dm-serializer-1.2.2.gemspec
I, [2014-02-13T16:15:55.762026 #53721]  INFO -- : 0:  dm-timestamps (1.2.0) from /Users/makis/.rvm/gems/ruby-2.1.0/specifications/dm-timestamps-1.2.0.gemspec
I, [2014-02-13T16:15:55.762264 #53721]  INFO -- : 0:  dm-transactions (1.2.0) from /Users/makis/.rvm/gems/ruby-2.1.0/specifications/dm-transactions-1.2.0.gemspec
I, [2014-02-13T16:15:55.762509 #53721]  INFO -- : 0:  stringex (1.5.1) from /Users/makis/.rvm/gems/ruby-2.1.0/specifications/stringex-1.5.1.gemspec
I, [2014-02-13T16:15:55.762757 #53721]  INFO -- : 0:  uuidtools (2.1.4) from /Users/makis/.rvm/gems/ruby-2.1.0/specifications/uuidtools-2.1.4.gemspec
I, [2014-02-13T16:15:55.762993 #53721]  INFO -- : 0:  dm-types (1.2.2) from /Users/makis/.rvm/gems/ruby-2.1.0/specifications/dm-types-1.2.2.gemspec
I, [2014-02-13T16:15:55.763277 #53721]  INFO -- : 0:  dm-validations (1.2.0) from /Users/makis/.rvm/gems/ruby-2.1.0/specifications/dm-validations-1.2.0.gemspec
I, [2014-02-13T16:15:55.763523 #53721]  INFO -- : 0:  data_mapper (1.2.0) from /Users/makis/.rvm/gems/ruby-2.1.0/specifications/data_mapper-1.2.0.gemspec
I, [2014-02-13T16:15:55.763765 #53721]  INFO -- : 0:  data_objects (0.10.13) from /Users/makis/.rvm/gems/ruby-2.1.0/specifications/data_objects-0.10.13.gemspec
I, [2014-02-13T16:15:55.764008 #53721]  INFO -- : 0:  database_cleaner (1.2.0) from /Users/makis/.rvm/gems/ruby-2.1.0/specifications/database_cleaner-1.2.0.gemspec
I, [2014-02-13T16:15:55.764304 #53721]  INFO -- : 0:  diff-lcs (1.2.5) from /Users/makis/.rvm/gems/ruby-2.1.0/specifications/diff-lcs-1.2.5.gemspec
I, [2014-02-13T16:15:55.764546 #53721]  INFO -- : 0:  dm-do-adapter (1.2.0) from /Users/makis/.rvm/gems/ruby-2.1.0/specifications/dm-do-adapter-1.2.0.gemspec
I, [2014-02-13T16:15:55.764793 #53721]  INFO -- : 0:  do_postgres (0.10.13) from /Users/makis/.rvm/gems/ruby-2.1.0/specifications/do_postgres-0.10.13.gemspec
I, [2014-02-13T16:15:55.765102 #53721]  INFO -- : 0:  dm-postgres-adapter (1.2.0) from /Users/makis/.rvm/gems/ruby-2.1.0/specifications/dm-postgres-adapter-1.2.0.gemspec
I, [2014-02-13T16:15:55.765376 #53721]  INFO -- : 0:  rack-flash3 (1.0.5) from /Users/makis/.rvm/gems/ruby-2.1.0/specifications/rack-flash3-1.0.5.gemspec
I, [2014-02-13T16:15:55.765822 #53721]  INFO -- : 0:  rack-protection (1.5.2) from /Users/makis/.rvm/gems/ruby-2.1.0/specifications/rack-protection-1.5.2.gemspec
I, [2014-02-13T16:15:55.766319 #53721]  INFO -- : 0:  rspec-core (2.14.7) from /Users/makis/.rvm/gems/ruby-2.1.0/specifications/rspec-core-2.14.7.gemspec
I, [2014-02-13T16:15:55.766763 #53721]  INFO -- : 0:  rspec-expectations (2.14.4) from /Users/makis/.rvm/gems/ruby-2.1.0/specifications/rspec-expectations-2.14.4.gemspec
I, [2014-02-13T16:15:55.767152 #53721]  INFO -- : 0:  rspec-mocks (2.14.4) from /Users/makis/.rvm/gems/ruby-2.1.0/specifications/rspec-mocks-2.14.4.gemspec
I, [2014-02-13T16:15:55.767568 #53721]  INFO -- : 0:  rspec (2.14.1) from /Users/makis/.rvm/gems/ruby-2.1.0/specifications/rspec-2.14.1.gemspec
I, [2014-02-13T16:15:55.767797 #53721]  INFO -- : 0:  shotgun (0.9) from /Users/makis/.rvm/gems/ruby-2.1.0/specifications/shotgun-0.9.gemspec
I, [2014-02-13T16:15:55.768072 #53721]  INFO -- : 0:  tilt (1.4.1) from /Users/makis/.rvm/gems/ruby-2.1.0/specifications/tilt-1.4.1.gemspec
I, [2014-02-13T16:15:55.768311 #53721]  INFO -- : 0:  sinatra (1.4.4) from /Users/makis/.rvm/gems/ruby-2.1.0/specifications/sinatra-1.4.4.gemspec
I, [2014-02-13T16:15:55.768532 #53721]  INFO -- : 0:  bundler (1.5.1) from /Users/makis/.rvm/gems/ruby-2.1.0@global/specifications/bundler-1.5.1.gemspec
I, [2014-02-13T16:22:30.233373 #54062]  INFO -- : 0:  addressable (2.3.5) from /Users/makis/.rvm/gems/ruby-2.1.0/specifications/addressable-2.3.5.gemspec
I, [2014-02-13T16:22:30.233709 #54062]  INFO -- : 0:  bcrypt-ruby (3.1.2) from /Users/makis/.rvm/gems/ruby-2.1.0/specifications/bcrypt-ruby-3.1.2.gemspec
I, [2014-02-13T16:22:30.234001 #54062]  INFO -- : 0:  mime-types (2.1) from /Users/makis/.rvm/gems/ruby-2.1.0/specifications/mime-types-2.1.gemspec
I, [2014-02-13T16:22:30.234280 #54062]  INFO -- : 0:  mini_portile (0.5.2) from /Users/makis/.rvm/gems/ruby-2.1.0/specifications/mini_portile-0.5.2.gemspec
I, [2014-02-13T16:22:30.234561 #54062]  INFO -- : 0:  nokogiri (1.6.1) from /Users/makis/.rvm/gems/ruby-2.1.0/specifications/nokogiri-1.6.1.gemspec
I, [2014-02-13T16:22:30.234845 #54062]  INFO -- : 0:  rack (1.5.2) from /Users/makis/.rvm/gems/ruby-2.1.0/specifications/rack-1.5.2.gemspec
I, [2014-02-13T16:22:30.235119 #54062]  INFO -- : 0:  rack-test (0.6.2) from /Users/makis/.rvm/gems/ruby-2.1.0/specifications/rack-test-0.6.2.gemspec
I, [2014-02-13T16:22:30.235379 #54062]  INFO -- : 0:  xpath (2.0.0) from /Users/makis/.rvm/gems/ruby-2.1.0/specifications/xpath-2.0.0.gemspec
I, [2014-02-13T16:22:30.235637 #54062]  INFO -- : 0:  capybara (2.2.1) from /Users/makis/.rvm/gems/ruby-2.1.0/specifications/capybara-2.2.1.gemspec
I, [2014-02-13T16:22:30.235891 #54062]  INFO -- : 0:  dm-core (1.2.1) from /Users/makis/.rvm/gems/ruby-2.1.0/specifications/dm-core-1.2.1.gemspec
I, [2014-02-13T16:22:30.236149 #54062]  INFO -- : 0:  dm-aggregates (1.2.0) from /Users/makis/.rvm/gems/ruby-2.1.0/specifications/dm-aggregates-1.2.0.gemspec
I, [2014-02-13T16:22:30.236408 #54062]  INFO -- : 0:  dm-constraints (1.2.0) from /Users/makis/.rvm/gems/ruby-2.1.0/specifications/dm-constraints-1.2.0.gemspec
I, [2014-02-13T16:22:30.236667 #54062]  INFO -- : 0:  dm-migrations (1.2.0) from /Users/makis/.rvm/gems/ruby-2.1.0/specifications/dm-migrations-1.2.0.gemspec
I, [2014-02-13T16:22:30.236930 #54062]  INFO -- : 0:  fastercsv (1.5.5) from /Users/makis/.rvm/gems/ruby-2.1.0/specifications/fastercsv-1.5.5.gemspec
I, [2014-02-13T16:22:30.237181 #54062]  INFO -- : 0:  json (1.8.1) from /Users/makis/.rvm/rubies/ruby-2.1.0/lib/ruby/gems/2.1.0/specifications/default/json-1.8.1.gemspec
I, [2014-02-13T16:22:30.237439 #54062]  INFO -- : 0:  json_pure (1.8.1) from /Users/makis/.rvm/gems/ruby-2.1.0/specifications/json_pure-1.8.1.gemspec
I, [2014-02-13T16:22:30.237700 #54062]  INFO -- : 0:  multi_json (1.8.4) from /Users/makis/.rvm/gems/ruby-2.1.0/specifications/multi_json-1.8.4.gemspec
I, [2014-02-13T16:22:30.237957 #54062]  INFO -- : 0:  dm-serializer (1.2.2) from /Users/makis/.rvm/gems/ruby-2.1.0/specifications/dm-serializer-1.2.2.gemspec
I, [2014-02-13T16:22:30.238223 #54062]  INFO -- : 0:  dm-timestamps (1.2.0) from /Users/makis/.rvm/gems/ruby-2.1.0/specifications/dm-timestamps-1.2.0.gemspec
I, [2014-02-13T16:22:30.238486 #54062]  INFO -- : 0:  dm-transactions (1.2.0) from /Users/makis/.rvm/gems/ruby-2.1.0/specifications/dm-transactions-1.2.0.gemspec
I, [2014-02-13T16:22:30.238748 #54062]  INFO -- : 0:  stringex (1.5.1) from /Users/makis/.rvm/gems/ruby-2.1.0/specifications/stringex-1.5.1.gemspec
I, [2014-02-13T16:22:30.239012 #54062]  INFO -- : 0:  uuidtools (2.1.4) from /Users/makis/.rvm/gems/ruby-2.1.0/specifications/uuidtools-2.1.4.gemspec
I, [2014-02-13T16:22:30.239282 #54062]  INFO -- : 0:  dm-types (1.2.2) from /Users/makis/.rvm/gems/ruby-2.1.0/specifications/dm-types-1.2.2.gemspec
I, [2014-02-13T16:22:30.239548 #54062]  INFO -- : 0:  dm-validations (1.2.0) from /Users/makis/.rvm/gems/ruby-2.1.0/specifications/dm-validations-1.2.0.gemspec
I, [2014-02-13T16:22:30.239810 #54062]  INFO -- : 0:  data_mapper (1.2.0) from /Users/makis/.rvm/gems/ruby-2.1.0/specifications/data_mapper-1.2.0.gemspec
I, [2014-02-13T16:22:30.240159 #54062]  INFO -- : 0:  data_objects (0.10.13) from /Users/makis/.rvm/gems/ruby-2.1.0/specifications/data_objects-0.10.13.gemspec
I, [2014-02-13T16:22:30.240443 #54062]  INFO -- : 0:  database_cleaner (1.2.0) from /Users/makis/.rvm/gems/ruby-2.1.0/specifications/database_cleaner-1.2.0.gemspec
I, [2014-02-13T16:22:30.240785 #54062]  INFO -- : 0:  diff-lcs (1.2.5) from /Users/makis/.rvm/gems/ruby-2.1.0/specifications/diff-lcs-1.2.5.gemspec
I, [2014-02-13T16:22:30.241035 #54062]  INFO -- : 0:  dm-do-adapter (1.2.0) from /Users/makis/.rvm/gems/ruby-2.1.0/specifications/dm-do-adapter-1.2.0.gemspec
I, [2014-02-13T16:22:30.241343 #54062]  INFO -- : 0:  do_postgres (0.10.13) from /Users/makis/.rvm/gems/ruby-2.1.0/specifications/do_postgres-0.10.13.gemspec
I, [2014-02-13T16:22:30.241593 #54062]  INFO -- : 0:  dm-postgres-adapter (1.2.0) from /Users/makis/.rvm/gems/ruby-2.1.0/specifications/dm-postgres-adapter-1.2.0.gemspec
I, [2014-02-13T16:22:30.241908 #54062]  INFO -- : 0:  rack-flash3 (1.0.5) from /Users/makis/.rvm/gems/ruby-2.1.0/specifications/rack-flash3-1.0.5.gemspec
I, [2014-02-13T16:22:30.242165 #54062]  INFO -- : 0:  rack-protection (1.5.2) from /Users/makis/.rvm/gems/ruby-2.1.0/specifications/rack-protection-1.5.2.gemspec
I, [2014-02-13T16:22:30.242441 #54062]  INFO -- : 0:  rspec-core (2.14.7) from /Users/makis/.rvm/gems/ruby-2.1.0/specifications/rspec-core-2.14.7.gemspec
I, [2014-02-13T16:22:30.242718 #54062]  INFO -- : 0:  rspec-expectations (2.14.4) from /Users/makis/.rvm/gems/ruby-2.1.0/specifications/rspec-expectations-2.14.4.gemspec
I, [2014-02-13T16:22:30.242968 #54062]  INFO -- : 0:  rspec-mocks (2.14.4) from /Users/makis/.rvm/gems/ruby-2.1.0/specifications/rspec-mocks-2.14.4.gemspec
I, [2014-02-13T16:22:30.243221 #54062]  INFO -- : 0:  rspec (2.14.1) from /Users/makis/.rvm/gems/ruby-2.1.0/specifications/rspec-2.14.1.gemspec
I, [2014-02-13T16:22:30.243493 #54062]  INFO -- : 0:  shotgun (0.9) from /Users/makis/.rvm/gems/ruby-2.1.0/specifications/shotgun-0.9.gemspec
I, [2014-02-13T16:22:30.243782 #54062]  INFO -- : 0:  tilt (1.4.1) from /Users/makis/.rvm/gems/ruby-2.1.0/specifications/tilt-1.4.1.gemspec
I, [2014-02-13T16:22:30.244021 #54062]  INFO -- : 0:  sinatra (1.4.4) from /Users/makis/.rvm/gems/ruby-2.1.0/specifications/sinatra-1.4.4.gemspec
I, [2014-02-13T16:22:30.244273 #54062]  INFO -- : 0:  bundler (1.5.1) from /Users/makis/.rvm/gems/ruby-2.1.0@global/specifications/bundler-1.5.1.gemspec
I, [2014-02-14T14:11:50.780172 #70878]  INFO -- : 0:  addressable (2.3.5) from /Users/makis/.rvm/gems/ruby-2.1.0/specifications/addressable-2.3.5.gemspec
I, [2014-02-14T14:11:50.783311 #70878]  INFO -- : 0:  bcrypt-ruby (3.1.2) from /Users/makis/.rvm/gems/ruby-2.1.0/specifications/bcrypt-ruby-3.1.2.gemspec
I, [2014-02-14T14:11:50.783626 #70878]  INFO -- : 0:  mime-types (2.1) from /Users/makis/.rvm/gems/ruby-2.1.0/specifications/mime-types-2.1.gemspec
I, [2014-02-14T14:11:50.783911 #70878]  INFO -- : 0:  mini_portile (0.5.2) from /Users/makis/.rvm/gems/ruby-2.1.0/specifications/mini_portile-0.5.2.gemspec
I, [2014-02-14T14:11:50.784194 #70878]  INFO -- : 0:  nokogiri (1.6.1) from /Users/makis/.rvm/gems/ruby-2.1.0/specifications/nokogiri-1.6.1.gemspec
I, [2014-02-14T14:11:50.784456 #70878]  INFO -- : 0:  rack (1.5.2) from /Users/makis/.rvm/gems/ruby-2.1.0/specifications/rack-1.5.2.gemspec
I, [2014-02-14T14:11:50.784728 #70878]  INFO -- : 0:  rack-test (0.6.2) from /Users/makis/.rvm/gems/ruby-2.1.0/specifications/rack-test-0.6.2.gemspec
I, [2014-02-14T14:11:50.784992 #70878]  INFO -- : 0:  xpath (2.0.0) from /Users/makis/.rvm/gems/ruby-2.1.0/specifications/xpath-2.0.0.gemspec
I, [2014-02-14T14:11:50.785248 #70878]  INFO -- : 0:  capybara (2.2.1) from /Users/makis/.rvm/gems/ruby-2.1.0/specifications/capybara-2.2.1.gemspec
I, [2014-02-14T14:11:50.785494 #70878]  INFO -- : 0:  dm-core (1.2.1) from /Users/makis/.rvm/gems/ruby-2.1.0/specifications/dm-core-1.2.1.gemspec
I, [2014-02-14T14:11:50.785778 #70878]  INFO -- : 0:  dm-aggregates (1.2.0) from /Users/makis/.rvm/gems/ruby-2.1.0/specifications/dm-aggregates-1.2.0.gemspec
I, [2014-02-14T14:11:50.786005 #70878]  INFO -- : 0:  dm-constraints (1.2.0) from /Users/makis/.rvm/gems/ruby-2.1.0/specifications/dm-constraints-1.2.0.gemspec
I, [2014-02-14T14:11:50.786257 #70878]  INFO -- : 0:  dm-migrations (1.2.0) from /Users/makis/.rvm/gems/ruby-2.1.0/specifications/dm-migrations-1.2.0.gemspec
I, [2014-02-14T14:11:50.786510 #70878]  INFO -- : 0:  fastercsv (1.5.5) from /Users/makis/.rvm/gems/ruby-2.1.0/specifications/fastercsv-1.5.5.gemspec
I, [2014-02-14T14:11:50.786759 #70878]  INFO -- : 0:  json (1.8.1) from /Users/makis/.rvm/rubies/ruby-2.1.0/lib/ruby/gems/2.1.0/specifications/default/json-1.8.1.gemspec
I, [2014-02-14T14:11:50.787012 #70878]  INFO -- : 0:  json_pure (1.8.1) from /Users/makis/.rvm/gems/ruby-2.1.0/specifications/json_pure-1.8.1.gemspec
I, [2014-02-14T14:11:50.787276 #70878]  INFO -- : 0:  multi_json (1.8.4) from /Users/makis/.rvm/gems/ruby-2.1.0/specifications/multi_json-1.8.4.gemspec
I, [2014-02-14T14:11:50.787642 #70878]  INFO -- : 0:  dm-serializer (1.2.2) from /Users/makis/.rvm/gems/ruby-2.1.0/specifications/dm-serializer-1.2.2.gemspec
I, [2014-02-14T14:11:50.788018 #70878]  INFO -- : 0:  dm-timestamps (1.2.0) from /Users/makis/.rvm/gems/ruby-2.1.0/specifications/dm-timestamps-1.2.0.gemspec
I, [2014-02-14T14:11:50.788557 #70878]  INFO -- : 0:  dm-transactions (1.2.0) from /Users/makis/.rvm/gems/ruby-2.1.0/specifications/dm-transactions-1.2.0.gemspec
I, [2014-02-14T14:11:50.789008 #70878]  INFO -- : 0:  stringex (1.5.1) from /Users/makis/.rvm/gems/ruby-2.1.0/specifications/stringex-1.5.1.gemspec
I, [2014-02-14T14:11:50.789418 #70878]  INFO -- : 0:  uuidtools (2.1.4) from /Users/makis/.rvm/gems/ruby-2.1.0/specifications/uuidtools-2.1.4.gemspec
I, [2014-02-14T14:11:50.789791 #70878]  INFO -- : 0:  dm-types (1.2.2) from /Users/makis/.rvm/gems/ruby-2.1.0/specifications/dm-types-1.2.2.gemspec
I, [2014-02-14T14:11:50.790124 #70878]  INFO -- : 0:  dm-validations (1.2.0) from /Users/makis/.rvm/gems/ruby-2.1.0/specifications/dm-validations-1.2.0.gemspec
I, [2014-02-14T14:11:50.790515 #70878]  INFO -- : 0:  data_mapper (1.2.0) from /Users/makis/.rvm/gems/ruby-2.1.0/specifications/data_mapper-1.2.0.gemspec
I, [2014-02-14T14:11:50.790849 #70878]  INFO -- : 0:  data_objects (0.10.13) from /Users/makis/.rvm/gems/ruby-2.1.0/specifications/data_objects-0.10.13.gemspec
I, [2014-02-14T14:11:50.791076 #70878]  INFO -- : 0:  database_cleaner (1.2.0) from /Users/makis/.rvm/gems/ruby-2.1.0/specifications/database_cleaner-1.2.0.gemspec
I, [2014-02-14T14:11:50.791328 #70878]  INFO -- : 0:  diff-lcs (1.2.5) from /Users/makis/.rvm/gems/ruby-2.1.0/specifications/diff-lcs-1.2.5.gemspec
I, [2014-02-14T14:11:50.791540 #70878]  INFO -- : 0:  dm-do-adapter (1.2.0) from /Users/makis/.rvm/gems/ruby-2.1.0/specifications/dm-do-adapter-1.2.0.gemspec
I, [2014-02-14T14:11:50.791786 #70878]  INFO -- : 0:  do_postgres (0.10.13) from /Users/makis/.rvm/gems/ruby-2.1.0/specifications/do_postgres-0.10.13.gemspec
I, [2014-02-14T14:11:50.792006 #70878]  INFO -- : 0:  dm-postgres-adapter (1.2.0) from /Users/makis/.rvm/gems/ruby-2.1.0/specifications/dm-postgres-adapter-1.2.0.gemspec
I, [2014-02-14T14:11:50.792293 #70878]  INFO -- : 0:  rack-flash3 (1.0.5) from /Users/makis/.rvm/gems/ruby-2.1.0/specifications/rack-flash3-1.0.5.gemspec
I, [2014-02-14T14:11:50.792652 #70878]  INFO -- : 0:  rack-protection (1.5.2) from /Users/makis/.rvm/gems/ruby-2.1.0/specifications/rack-protection-1.5.2.gemspec
I, [2014-02-14T14:11:50.793015 #70878]  INFO -- : 0:  rspec-core (2.14.7) from /Users/makis/.rvm/gems/ruby-2.1.0/specifications/rspec-core-2.14.7.gemspec
I, [2014-02-14T14:11:50.793314 #70878]  INFO -- : 0:  rspec-expectations (2.14.4) from /Users/makis/.rvm/gems/ruby-2.1.0/specifications/rspec-expectations-2.14.4.gemspec
I, [2014-02-14T14:11:50.793645 #70878]  INFO -- : 0:  rspec-mocks (2.14.4) from /Users/makis/.rvm/gems/ruby-2.1.0/specifications/rspec-mocks-2.14.4.gemspec
I, [2014-02-14T14:11:50.793904 #70878]  INFO -- : 0:  rspec (2.14.1) from /Users/makis/.rvm/gems/ruby-2.1.0/specifications/rspec-2.14.1.gemspec
I, [2014-02-14T14:11:50.794213 #70878]  INFO -- : 0:  shotgun (0.9) from /Users/makis/.rvm/gems/ruby-2.1.0/specifications/shotgun-0.9.gemspec
I, [2014-02-14T14:11:50.794512 #70878]  INFO -- : 0:  tilt (1.4.1) from /Users/makis/.rvm/gems/ruby-2.1.0/specifications/tilt-1.4.1.gemspec
I, [2014-02-14T14:11:50.794819 #70878]  INFO -- : 0:  sinatra (1.4.4) from /Users/makis/.rvm/gems/ruby-2.1.0/specifications/sinatra-1.4.4.gemspec
I, [2014-02-14T14:11:50.795109 #70878]  INFO -- : 0:  sinatra-partial (0.4.0) from /Users/makis/.rvm/gems/ruby-2.1.0/specifications/sinatra-partial-0.4.0.gemspec
I, [2014-02-14T14:11:50.795345 #70878]  INFO -- : 0:  bundler (1.5.1) from /Users/makis/.rvm/gems/ruby-2.1.0@global/specifications/bundler-1.5.1.gemspec
I, [2014-02-22T18:47:18.521431 #52075]  INFO -- : 0:  addressable (2.3.5) from /Users/makis/.rvm/gems/ruby-2.1.0/specifications/addressable-2.3.5.gemspec
I, [2014-02-22T18:47:18.526039 #52075]  INFO -- : 0:  bcrypt-ruby (3.1.2) from /Users/makis/.rvm/gems/ruby-2.1.0/specifications/bcrypt-ruby-3.1.2.gemspec
I, [2014-02-22T18:47:18.526339 #52075]  INFO -- : 0:  mime-types (2.1) from /Users/makis/.rvm/gems/ruby-2.1.0/specifications/mime-types-2.1.gemspec
I, [2014-02-22T18:47:18.526676 #52075]  INFO -- : 0:  mini_portile (0.5.2) from /Users/makis/.rvm/gems/ruby-2.1.0/specifications/mini_portile-0.5.2.gemspec
I, [2014-02-22T18:47:18.526929 #52075]  INFO -- : 0:  nokogiri (1.6.1) from /Users/makis/.rvm/gems/ruby-2.1.0/specifications/nokogiri-1.6.1.gemspec
I, [2014-02-22T18:47:18.527170 #52075]  INFO -- : 0:  rack (1.5.2) from /Users/makis/.rvm/gems/ruby-2.1.0/specifications/rack-1.5.2.gemspec
I, [2014-02-22T18:47:18.527395 #52075]  INFO -- : 0:  rack-test (0.6.2) from /Users/makis/.rvm/gems/ruby-2.1.0/specifications/rack-test-0.6.2.gemspec
I, [2014-02-22T18:47:18.527623 #52075]  INFO -- : 0:  xpath (2.0.0) from /Users/makis/.rvm/gems/ruby-2.1.0/specifications/xpath-2.0.0.gemspec
I, [2014-02-22T18:47:18.527842 #52075]  INFO -- : 0:  capybara (2.2.1) from /Users/makis/.rvm/gems/ruby-2.1.0/specifications/capybara-2.2.1.gemspec
I, [2014-02-22T18:47:19.670985 #52075]  INFO -- : 0:  cliver (0.3.2) from /Users/makis/.rvm/gems/ruby-2.1.0/specifications/cliver-0.3.2.gemspec
I, [2014-02-22T18:47:19.671457 #52075]  INFO -- : 0:  dm-core (1.2.1) from /Users/makis/.rvm/gems/ruby-2.1.0/specifications/dm-core-1.2.1.gemspec
I, [2014-02-22T18:47:19.671742 #52075]  INFO -- : 0:  dm-aggregates (1.2.0) from /Users/makis/.rvm/gems/ruby-2.1.0/specifications/dm-aggregates-1.2.0.gemspec
I, [2014-02-22T18:47:19.671996 #52075]  INFO -- : 0:  dm-constraints (1.2.0) from /Users/makis/.rvm/gems/ruby-2.1.0/specifications/dm-constraints-1.2.0.gemspec
I, [2014-02-22T18:47:19.672244 #52075]  INFO -- : 0:  dm-migrations (1.2.0) from /Users/makis/.rvm/gems/ruby-2.1.0/specifications/dm-migrations-1.2.0.gemspec
I, [2014-02-22T18:47:19.672490 #52075]  INFO -- : 0:  fastercsv (1.5.5) from /Users/makis/.rvm/gems/ruby-2.1.0/specifications/fastercsv-1.5.5.gemspec
I, [2014-02-22T18:47:19.672737 #52075]  INFO -- : 0:  json (1.8.1) from /Users/makis/.rvm/rubies/ruby-2.1.0/lib/ruby/gems/2.1.0/specifications/default/json-1.8.1.gemspec
I, [2014-02-22T18:47:19.672983 #52075]  INFO -- : 0:  json_pure (1.8.1) from /Users/makis/.rvm/gems/ruby-2.1.0/specifications/json_pure-1.8.1.gemspec
I, [2014-02-22T18:47:19.673217 #52075]  INFO -- : 0:  multi_json (1.8.4) from /Users/makis/.rvm/gems/ruby-2.1.0/specifications/multi_json-1.8.4.gemspec
I, [2014-02-22T18:47:19.673456 #52075]  INFO -- : 0:  dm-serializer (1.2.2) from /Users/makis/.rvm/gems/ruby-2.1.0/specifications/dm-serializer-1.2.2.gemspec
I, [2014-02-22T18:47:19.673795 #52075]  INFO -- : 0:  dm-timestamps (1.2.0) from /Users/makis/.rvm/gems/ruby-2.1.0/specifications/dm-timestamps-1.2.0.gemspec
I, [2014-02-22T18:47:19.674170 #52075]  INFO -- : 0:  dm-transactions (1.2.0) from /Users/makis/.rvm/gems/ruby-2.1.0/specifications/dm-transactions-1.2.0.gemspec
I, [2014-02-22T18:47:19.674506 #52075]  INFO -- : 0:  stringex (1.5.1) from /Users/makis/.rvm/gems/ruby-2.1.0/specifications/stringex-1.5.1.gemspec
I, [2014-02-22T18:47:19.674859 #52075]  INFO -- : 0:  uuidtools (2.1.4) from /Users/makis/.rvm/gems/ruby-2.1.0/specifications/uuidtools-2.1.4.gemspec
I, [2014-02-22T18:47:19.675114 #52075]  INFO -- : 0:  dm-types (1.2.2) from /Users/makis/.rvm/gems/ruby-2.1.0/specifications/dm-types-1.2.2.gemspec
I, [2014-02-22T18:47:19.675342 #52075]  INFO -- : 0:  dm-validations (1.2.0) from /Users/makis/.rvm/gems/ruby-2.1.0/specifications/dm-validations-1.2.0.gemspec
I, [2014-02-22T18:47:19.675571 #52075]  INFO -- : 0:  data_mapper (1.2.0) from /Users/makis/.rvm/gems/ruby-2.1.0/specifications/data_mapper-1.2.0.gemspec
I, [2014-02-22T18:47:19.675804 #52075]  INFO -- : 0:  data_objects (0.10.13) from /Users/makis/.rvm/gems/ruby-2.1.0/specifications/data_objects-0.10.13.gemspec
I, [2014-02-22T18:47:19.676038 #52075]  INFO -- : 0:  database_cleaner (1.2.0) from /Users/makis/.rvm/gems/ruby-2.1.0/specifications/database_cleaner-1.2.0.gemspec
I, [2014-02-22T18:47:19.676270 #52075]  INFO -- : 0:  diff-lcs (1.2.5) from /Users/makis/.rvm/gems/ruby-2.1.0/specifications/diff-lcs-1.2.5.gemspec
I, [2014-02-22T18:47:19.676502 #52075]  INFO -- : 0:  dm-do-adapter (1.2.0) from /Users/makis/.rvm/gems/ruby-2.1.0/specifications/dm-do-adapter-1.2.0.gemspec
I, [2014-02-22T18:47:19.676746 #52075]  INFO -- : 0:  do_postgres (0.10.13) from /Users/makis/.rvm/gems/ruby-2.1.0/specifications/do_postgres-0.10.13.gemspec
I, [2014-02-22T18:47:19.677094 #52075]  INFO -- : 0:  dm-postgres-adapter (1.2.0) from /Users/makis/.rvm/gems/ruby-2.1.0/specifications/dm-postgres-adapter-1.2.0.gemspec
I, [2014-02-22T18:47:21.354461 #52075]  INFO -- : 0:  websocket-driver (0.3.2) from /Users/makis/.rvm/gems/ruby-2.1.0/specifications/websocket-driver-0.3.2.gemspec
I, [2014-02-22T18:47:22.475563 #52075]  INFO -- : 0:  poltergeist (1.5.0) from /Users/makis/.rvm/gems/ruby-2.1.0/specifications/poltergeist-1.5.0.gemspec
I, [2014-02-22T18:47:22.476009 #52075]  INFO -- : 0:  rack-flash3 (1.0.5) from /Users/makis/.rvm/gems/ruby-2.1.0/specifications/rack-flash3-1.0.5.gemspec
I, [2014-02-22T18:47:22.476320 #52075]  INFO -- : 0:  rack-protection (1.5.2) from /Users/makis/.rvm/gems/ruby-2.1.0/specifications/rack-protection-1.5.2.gemspec
I, [2014-02-22T18:47:22.476634 #52075]  INFO -- : 0:  rspec-core (2.14.7) from /Users/makis/.rvm/gems/ruby-2.1.0/specifications/rspec-core-2.14.7.gemspec
I, [2014-02-22T18:47:22.476946 #52075]  INFO -- : 0:  rspec-expectations (2.14.4) from /Users/makis/.rvm/gems/ruby-2.1.0/specifications/rspec-expectations-2.14.4.gemspec
I, [2014-02-22T18:47:22.477234 #52075]  INFO -- : 0:  rspec-mocks (2.14.4) from /Users/makis/.rvm/gems/ruby-2.1.0/specifications/rspec-mocks-2.14.4.gemspec
I, [2014-02-22T18:47:22.477519 #52075]  INFO -- : 0:  rspec (2.14.1) from /Users/makis/.rvm/gems/ruby-2.1.0/specifications/rspec-2.14.1.gemspec
I, [2014-02-22T18:47:22.477799 #52075]  INFO -- : 0:  shotgun (0.9) from /Users/makis/.rvm/gems/ruby-2.1.0/specifications/shotgun-0.9.gemspec
I, [2014-02-22T18:47:22.478069 #52075]  INFO -- : 0:  tilt (1.4.1) from /Users/makis/.rvm/gems/ruby-2.1.0/specifications/tilt-1.4.1.gemspec
I, [2014-02-22T18:47:22.478347 #52075]  INFO -- : 0:  sinatra (1.4.4) from /Users/makis/.rvm/gems/ruby-2.1.0/specifications/sinatra-1.4.4.gemspec
I, [2014-02-22T18:47:22.478622 #52075]  INFO -- : 0:  sinatra-partial (0.4.0) from /Users/makis/.rvm/gems/ruby-2.1.0/specifications/sinatra-partial-0.4.0.gemspec
I, [2014-02-22T18:47:22.478888 #52075]  INFO -- : 0:  bundler (1.5.1) from /Users/makis/.rvm/gems/ruby-2.1.0@global/specifications/bundler-1.5.1.gemspec
I, [2014-02-22T18:50:12.936774 #52372]  INFO -- : 0:  addressable (2.3.5) from /Users/makis/.rvm/gems/ruby-2.1.0/specifications/addressable-2.3.5.gemspec
I, [2014-02-22T18:50:12.937145 #52372]  INFO -- : 0:  bcrypt-ruby (3.1.2) from /Users/makis/.rvm/gems/ruby-2.1.0/specifications/bcrypt-ruby-3.1.2.gemspec
I, [2014-02-22T18:50:12.937465 #52372]  INFO -- : 0:  mime-types (2.1) from /Users/makis/.rvm/gems/ruby-2.1.0/specifications/mime-types-2.1.gemspec
I, [2014-02-22T18:50:12.937774 #52372]  INFO -- : 0:  mini_portile (0.5.2) from /Users/makis/.rvm/gems/ruby-2.1.0/specifications/mini_portile-0.5.2.gemspec
I, [2014-02-22T18:50:12.938085 #52372]  INFO -- : 0:  nokogiri (1.6.1) from /Users/makis/.rvm/gems/ruby-2.1.0/specifications/nokogiri-1.6.1.gemspec
I, [2014-02-22T18:50:12.938381 #52372]  INFO -- : 0:  rack (1.5.2) from /Users/makis/.rvm/gems/ruby-2.1.0/specifications/rack-1.5.2.gemspec
I, [2014-02-22T18:50:12.938678 #52372]  INFO -- : 0:  rack-test (0.6.2) from /Users/makis/.rvm/gems/ruby-2.1.0/specifications/rack-test-0.6.2.gemspec
I, [2014-02-22T18:50:12.938963 #52372]  INFO -- : 0:  xpath (2.0.0) from /Users/makis/.rvm/gems/ruby-2.1.0/specifications/xpath-2.0.0.gemspec
I, [2014-02-22T18:50:12.939253 #52372]  INFO -- : 0:  capybara (2.2.1) from /Users/makis/.rvm/gems/ruby-2.1.0/specifications/capybara-2.2.1.gemspec
I, [2014-02-22T18:50:18.937833 #52372]  INFO -- : 0:  ffi (1.9.3) from /Users/makis/.rvm/gems/ruby-2.1.0/specifications/ffi-1.9.3.gemspec
I, [2014-02-22T18:50:20.023121 #52372]  INFO -- : 0:  childprocess (0.5.1) from /Users/makis/.rvm/gems/ruby-2.1.0/specifications/childprocess-0.5.1.gemspec
I, [2014-02-22T18:50:20.023560 #52372]  INFO -- : 0:  dm-core (1.2.1) from /Users/makis/.rvm/gems/ruby-2.1.0/specifications/dm-core-1.2.1.gemspec
I, [2014-02-22T18:50:20.023881 #52372]  INFO -- : 0:  dm-aggregates (1.2.0) from /Users/makis/.rvm/gems/ruby-2.1.0/specifications/dm-aggregates-1.2.0.gemspec
I, [2014-02-22T18:50:20.024204 #52372]  INFO -- : 0:  dm-constraints (1.2.0) from /Users/makis/.rvm/gems/ruby-2.1.0/specifications/dm-constraints-1.2.0.gemspec
I, [2014-02-22T18:50:20.024588 #52372]  INFO -- : 0:  dm-migrations (1.2.0) from /Users/makis/.rvm/gems/ruby-2.1.0/specifications/dm-migrations-1.2.0.gemspec
I, [2014-02-22T18:50:20.024961 #52372]  INFO -- : 0:  fastercsv (1.5.5) from /Users/makis/.rvm/gems/ruby-2.1.0/specifications/fastercsv-1.5.5.gemspec
I, [2014-02-22T18:50:20.025297 #52372]  INFO -- : 0:  json (1.8.1) from /Users/makis/.rvm/rubies/ruby-2.1.0/lib/ruby/gems/2.1.0/specifications/default/json-1.8.1.gemspec
I, [2014-02-22T18:50:20.025648 #52372]  INFO -- : 0:  json_pure (1.8.1) from /Users/makis/.rvm/gems/ruby-2.1.0/specifications/json_pure-1.8.1.gemspec
I, [2014-02-22T18:50:20.026009 #52372]  INFO -- : 0:  multi_json (1.8.4) from /Users/makis/.rvm/gems/ruby-2.1.0/specifications/multi_json-1.8.4.gemspec
I, [2014-02-22T18:50:20.026371 #52372]  INFO -- : 0:  dm-serializer (1.2.2) from /Users/makis/.rvm/gems/ruby-2.1.0/specifications/dm-serializer-1.2.2.gemspec
I, [2014-02-22T18:50:20.026698 #52372]  INFO -- : 0:  dm-timestamps (1.2.0) from /Users/makis/.rvm/gems/ruby-2.1.0/specifications/dm-timestamps-1.2.0.gemspec
I, [2014-02-22T18:50:20.026941 #52372]  INFO -- : 0:  dm-transactions (1.2.0) from /Users/makis/.rvm/gems/ruby-2.1.0/specifications/dm-transactions-1.2.0.gemspec
I, [2014-02-22T18:50:20.027214 #52372]  INFO -- : 0:  stringex (1.5.1) from /Users/makis/.rvm/gems/ruby-2.1.0/specifications/stringex-1.5.1.gemspec
I, [2014-02-22T18:50:20.027478 #52372]  INFO -- : 0:  uuidtools (2.1.4) from /Users/makis/.rvm/gems/ruby-2.1.0/specifications/uuidtools-2.1.4.gemspec
I, [2014-02-22T18:50:20.027743 #52372]  INFO -- : 0:  dm-types (1.2.2) from /Users/makis/.rvm/gems/ruby-2.1.0/specifications/dm-types-1.2.2.gemspec
I, [2014-02-22T18:50:20.028025 #52372]  INFO -- : 0:  dm-validations (1.2.0) from /Users/makis/.rvm/gems/ruby-2.1.0/specifications/dm-validations-1.2.0.gemspec
I, [2014-02-22T18:50:20.028279 #52372]  INFO -- : 0:  data_mapper (1.2.0) from /Users/makis/.rvm/gems/ruby-2.1.0/specifications/data_mapper-1.2.0.gemspec
I, [2014-02-22T18:50:20.028551 #52372]  INFO -- : 0:  data_objects (0.10.13) from /Users/makis/.rvm/gems/ruby-2.1.0/specifications/data_objects-0.10.13.gemspec
I, [2014-02-22T18:50:20.028812 #52372]  INFO -- : 0:  database_cleaner (1.2.0) from /Users/makis/.rvm/gems/ruby-2.1.0/specifications/database_cleaner-1.2.0.gemspec
I, [2014-02-22T18:50:20.029067 #52372]  INFO -- : 0:  diff-lcs (1.2.5) from /Users/makis/.rvm/gems/ruby-2.1.0/specifications/diff-lcs-1.2.5.gemspec
I, [2014-02-22T18:50:20.029319 #52372]  INFO -- : 0:  dm-do-adapter (1.2.0) from /Users/makis/.rvm/gems/ruby-2.1.0/specifications/dm-do-adapter-1.2.0.gemspec
I, [2014-02-22T18:50:20.029549 #52372]  INFO -- : 0:  do_postgres (0.10.13) from /Users/makis/.rvm/gems/ruby-2.1.0/specifications/do_postgres-0.10.13.gemspec
I, [2014-02-22T18:50:20.029811 #52372]  INFO -- : 0:  dm-postgres-adapter (1.2.0) from /Users/makis/.rvm/gems/ruby-2.1.0/specifications/dm-postgres-adapter-1.2.0.gemspec
I, [2014-02-22T18:50:20.030074 #52372]  INFO -- : 0:  rack-flash3 (1.0.5) from /Users/makis/.rvm/gems/ruby-2.1.0/specifications/rack-flash3-1.0.5.gemspec
I, [2014-02-22T18:50:20.030341 #52372]  INFO -- : 0:  rack-protection (1.5.2) from /Users/makis/.rvm/gems/ruby-2.1.0/specifications/rack-protection-1.5.2.gemspec
I, [2014-02-22T18:50:20.030597 #52372]  INFO -- : 0:  rspec-core (2.14.7) from /Users/makis/.rvm/gems/ruby-2.1.0/specifications/rspec-core-2.14.7.gemspec
I, [2014-02-22T18:50:20.030864 #52372]  INFO -- : 0:  rspec-expectations (2.14.4) from /Users/makis/.rvm/gems/ruby-2.1.0/specifications/rspec-expectations-2.14.4.gemspec
I, [2014-02-22T18:50:20.031129 #52372]  INFO -- : 0:  rspec-mocks (2.14.4) from /Users/makis/.rvm/gems/ruby-2.1.0/specifications/rspec-mocks-2.14.4.gemspec
I, [2014-02-22T18:50:20.031399 #52372]  INFO -- : 0:  rspec (2.14.1) from /Users/makis/.rvm/gems/ruby-2.1.0/specifications/rspec-2.14.1.gemspec
I, [2014-02-22T18:50:21.140898 #52372]  INFO -- : 0:  rubyzip (1.1.0) from /Users/makis/.rvm/gems/ruby-2.1.0/specifications/rubyzip-1.1.0.gemspec
I, [2014-02-22T18:50:22.145374 #52372]  INFO -- : 0:  websocket (1.0.7) from /Users/makis/.rvm/gems/ruby-2.1.0/specifications/websocket-1.0.7.gemspec
I, [2014-02-22T18:50:27.477895 #52372]  INFO -- : 0:  selenium-webdriver (2.40.0) from /Users/makis/.rvm/gems/ruby-2.1.0/specifications/selenium-webdriver-2.40.0.gemspec
I, [2014-02-22T18:50:27.478280 #52372]  INFO -- : 0:  shotgun (0.9) from /Users/makis/.rvm/gems/ruby-2.1.0/specifications/shotgun-0.9.gemspec
I, [2014-02-22T18:50:27.478654 #52372]  INFO -- : 0:  tilt (1.4.1) from /Users/makis/.rvm/gems/ruby-2.1.0/specifications/tilt-1.4.1.gemspec
I, [2014-02-22T18:50:27.478948 #52372]  INFO -- : 0:  sinatra (1.4.4) from /Users/makis/.rvm/gems/ruby-2.1.0/specifications/sinatra-1.4.4.gemspec
I, [2014-02-22T18:50:27.479214 #52372]  INFO -- : 0:  sinatra-partial (0.4.0) from /Users/makis/.rvm/gems/ruby-2.1.0/specifications/sinatra-partial-0.4.0.gemspec
I, [2014-02-22T18:50:27.479464 #52372]  INFO -- : 0:  bundler (1.5.1) from /Users/makis/.rvm/gems/ruby-2.1.0@global/specifications/bundler-1.5.1.gemspec
I, [2014-02-22T18:58:46.227671 #53333]  INFO -- : 0:  addressable (2.3.5) from /Users/makis/.rvm/gems/ruby-2.1.0/specifications/addressable-2.3.5.gemspec
I, [2014-02-22T18:58:46.228046 #53333]  INFO -- : 0:  bcrypt-ruby (3.1.2) from /Users/makis/.rvm/gems/ruby-2.1.0/specifications/bcrypt-ruby-3.1.2.gemspec
I, [2014-02-22T18:58:46.228268 #53333]  INFO -- : 0:  mime-types (2.1) from /Users/makis/.rvm/gems/ruby-2.1.0/specifications/mime-types-2.1.gemspec
I, [2014-02-22T18:58:46.228508 #53333]  INFO -- : 0:  mini_portile (0.5.2) from /Users/makis/.rvm/gems/ruby-2.1.0/specifications/mini_portile-0.5.2.gemspec
I, [2014-02-22T18:58:46.228738 #53333]  INFO -- : 0:  nokogiri (1.6.1) from /Users/makis/.rvm/gems/ruby-2.1.0/specifications/nokogiri-1.6.1.gemspec
I, [2014-02-22T18:58:46.228956 #53333]  INFO -- : 0:  rack (1.5.2) from /Users/makis/.rvm/gems/ruby-2.1.0/specifications/rack-1.5.2.gemspec
I, [2014-02-22T18:58:46.229182 #53333]  INFO -- : 0:  rack-test (0.6.2) from /Users/makis/.rvm/gems/ruby-2.1.0/specifications/rack-test-0.6.2.gemspec
I, [2014-02-22T18:58:46.229406 #53333]  INFO -- : 0:  xpath (2.0.0) from /Users/makis/.rvm/gems/ruby-2.1.0/specifications/xpath-2.0.0.gemspec
I, [2014-02-22T18:58:46.229629 #53333]  INFO -- : 0:  capybara (2.2.1) from /Users/makis/.rvm/gems/ruby-2.1.0/specifications/capybara-2.2.1.gemspec
I, [2014-02-22T18:58:46.229851 #53333]  INFO -- : 0:  ffi (1.9.3) from /Users/makis/.rvm/gems/ruby-2.1.0/specifications/ffi-1.9.3.gemspec
I, [2014-02-22T18:58:46.230092 #53333]  INFO -- : 0:  childprocess (0.5.1) from /Users/makis/.rvm/gems/ruby-2.1.0/specifications/childprocess-0.5.1.gemspec
I, [2014-02-22T18:58:46.230304 #53333]  INFO -- : 0:  dm-core (1.2.1) from /Users/makis/.rvm/gems/ruby-2.1.0/specifications/dm-core-1.2.1.gemspec
I, [2014-02-22T18:58:46.230514 #53333]  INFO -- : 0:  dm-aggregates (1.2.0) from /Users/makis/.rvm/gems/ruby-2.1.0/specifications/dm-aggregates-1.2.0.gemspec
I, [2014-02-22T18:58:46.230727 #53333]  INFO -- : 0:  dm-constraints (1.2.0) from /Users/makis/.rvm/gems/ruby-2.1.0/specifications/dm-constraints-1.2.0.gemspec
I, [2014-02-22T18:58:46.230935 #53333]  INFO -- : 0:  dm-migrations (1.2.0) from /Users/makis/.rvm/gems/ruby-2.1.0/specifications/dm-migrations-1.2.0.gemspec
I, [2014-02-22T18:58:46.231148 #53333]  INFO -- : 0:  fastercsv (1.5.5) from /Users/makis/.rvm/gems/ruby-2.1.0/specifications/fastercsv-1.5.5.gemspec
I, [2014-02-22T18:58:46.231359 #53333]  INFO -- : 0:  json (1.8.1) from /Users/makis/.rvm/rubies/ruby-2.1.0/lib/ruby/gems/2.1.0/specifications/default/json-1.8.1.gemspec
I, [2014-02-22T18:58:46.231568 #53333]  INFO -- : 0:  json_pure (1.8.1) from /Users/makis/.rvm/gems/ruby-2.1.0/specifications/json_pure-1.8.1.gemspec
I, [2014-02-22T18:58:46.231799 #53333]  INFO -- : 0:  multi_json (1.8.4) from /Users/makis/.rvm/gems/ruby-2.1.0/specifications/multi_json-1.8.4.gemspec
I, [2014-02-22T18:58:46.232010 #53333]  INFO -- : 0:  dm-serializer (1.2.2) from /Users/makis/.rvm/gems/ruby-2.1.0/specifications/dm-serializer-1.2.2.gemspec
I, [2014-02-22T18:58:46.232256 #53333]  INFO -- : 0:  dm-timestamps (1.2.0) from /Users/makis/.rvm/gems/ruby-2.1.0/specifications/dm-timestamps-1.2.0.gemspec
I, [2014-02-22T18:58:46.232468 #53333]  INFO -- : 0:  dm-transactions (1.2.0) from /Users/makis/.rvm/gems/ruby-2.1.0/specifications/dm-transactions-1.2.0.gemspec
I, [2014-02-22T18:58:46.232670 #53333]  INFO -- : 0:  stringex (1.5.1) from /Users/makis/.rvm/gems/ruby-2.1.0/specifications/stringex-1.5.1.gemspec
I, [2014-02-22T18:58:46.232881 #53333]  INFO -- : 0:  uuidtools (2.1.4) from /Users/makis/.rvm/gems/ruby-2.1.0/specifications/uuidtools-2.1.4.gemspec
I, [2014-02-22T18:58:46.233103 #53333]  INFO -- : 0:  dm-types (1.2.2) from /Users/makis/.rvm/gems/ruby-2.1.0/specifications/dm-types-1.2.2.gemspec
I, [2014-02-22T18:58:46.233313 #53333]  INFO -- : 0:  dm-validations (1.2.0) from /Users/makis/.rvm/gems/ruby-2.1.0/specifications/dm-validations-1.2.0.gemspec
I, [2014-02-22T18:58:46.233532 #53333]  INFO -- : 0:  data_mapper (1.2.0) from /Users/makis/.rvm/gems/ruby-2.1.0/specifications/data_mapper-1.2.0.gemspec
I, [2014-02-22T18:58:46.233763 #53333]  INFO -- : 0:  data_objects (0.10.13) from /Users/makis/.rvm/gems/ruby-2.1.0/specifications/data_objects-0.10.13.gemspec
I, [2014-02-22T18:58:46.233976 #53333]  INFO -- : 0:  database_cleaner (1.2.0) from /Users/makis/.rvm/gems/ruby-2.1.0/specifications/database_cleaner-1.2.0.gemspec
I, [2014-02-22T18:58:46.234195 #53333]  INFO -- : 0:  diff-lcs (1.2.5) from /Users/makis/.rvm/gems/ruby-2.1.0/specifications/diff-lcs-1.2.5.gemspec
I, [2014-02-22T18:58:46.234413 #53333]  INFO -- : 0:  dm-do-adapter (1.2.0) from /Users/makis/.rvm/gems/ruby-2.1.0/specifications/dm-do-adapter-1.2.0.gemspec
I, [2014-02-22T18:58:46.234625 #53333]  INFO -- : 0:  do_postgres (0.10.13) from /Users/makis/.rvm/gems/ruby-2.1.0/specifications/do_postgres-0.10.13.gemspec
I, [2014-02-22T18:58:46.234841 #53333]  INFO -- : 0:  dm-postgres-adapter (1.2.0) from /Users/makis/.rvm/gems/ruby-2.1.0/specifications/dm-postgres-adapter-1.2.0.gemspec
I, [2014-02-22T18:58:46.235051 #53333]  INFO -- : 0:  rack-flash3 (1.0.5) from /Users/makis/.rvm/gems/ruby-2.1.0/specifications/rack-flash3-1.0.5.gemspec
I, [2014-02-22T18:58:46.235281 #53333]  INFO -- : 0:  rack-protection (1.5.2) from /Users/makis/.rvm/gems/ruby-2.1.0/specifications/rack-protection-1.5.2.gemspec
I, [2014-02-22T18:58:46.235543 #53333]  INFO -- : 0:  rspec-core (2.14.7) from /Users/makis/.rvm/gems/ruby-2.1.0/specifications/rspec-core-2.14.7.gemspec
I, [2014-02-22T18:58:46.235762 #53333]  INFO -- : 0:  rspec-expectations (2.14.4) from /Users/makis/.rvm/gems/ruby-2.1.0/specifications/rspec-expectations-2.14.4.gemspec
I, [2014-02-22T18:58:46.235984 #53333]  INFO -- : 0:  rspec-mocks (2.14.4) from /Users/makis/.rvm/gems/ruby-2.1.0/specifications/rspec-mocks-2.14.4.gemspec
I, [2014-02-22T18:58:46.236260 #53333]  INFO -- : 0:  rspec (2.14.1) from /Users/makis/.rvm/gems/ruby-2.1.0/specifications/rspec-2.14.1.gemspec
I, [2014-02-22T18:58:46.236494 #53333]  INFO -- : 0:  rubyzip (1.1.0) from /Users/makis/.rvm/gems/ruby-2.1.0/specifications/rubyzip-1.1.0.gemspec
I, [2014-02-22T18:58:46.236708 #53333]  INFO -- : 0:  websocket (1.0.7) from /Users/makis/.rvm/gems/ruby-2.1.0/specifications/websocket-1.0.7.gemspec
I, [2014-02-22T18:58:46.236933 #53333]  INFO -- : 0:  selenium-webdriver (2.40.0) from /Users/makis/.rvm/gems/ruby-2.1.0/specifications/selenium-webdriver-2.40.0.gemspec
I, [2014-02-22T18:58:46.237164 #53333]  INFO -- : 0:  shotgun (0.9) from /Users/makis/.rvm/gems/ruby-2.1.0/specifications/shotgun-0.9.gemspec
I, [2014-02-22T18:58:46.237373 #53333]  INFO -- : 0:  tilt (1.4.1) from /Users/makis/.rvm/gems/ruby-2.1.0/specifications/tilt-1.4.1.gemspec
I, [2014-02-22T18:58:46.237610 #53333]  INFO -- : 0:  sinatra (1.4.4) from /Users/makis/.rvm/gems/ruby-2.1.0/specifications/sinatra-1.4.4.gemspec
I, [2014-02-22T18:58:46.237860 #53333]  INFO -- : 0:  sinatra-partial (0.4.0) from /Users/makis/.rvm/gems/ruby-2.1.0/specifications/sinatra-partial-0.4.0.gemspec
I, [2014-02-22T18:58:46.238059 #53333]  INFO -- : 0:  bundler (1.5.1) from /Users/makis/.rvm/gems/ruby-2.1.0@global/specifications/bundler-1.5.1.gemspec
I, [2014-02-22T19:03:48.741943 #53612]  INFO -- : 0:  addressable (2.3.5) from /Users/makis/.rvm/gems/ruby-2.1.0/specifications/addressable-2.3.5.gemspec
I, [2014-02-22T19:03:48.747058 #53612]  INFO -- : 0:  bcrypt-ruby (3.1.2) from /Users/makis/.rvm/gems/ruby-2.1.0/specifications/bcrypt-ruby-3.1.2.gemspec
I, [2014-02-22T19:03:48.747347 #53612]  INFO -- : 0:  mime-types (2.1) from /Users/makis/.rvm/gems/ruby-2.1.0/specifications/mime-types-2.1.gemspec
I, [2014-02-22T19:03:48.747732 #53612]  INFO -- : 0:  mini_portile (0.5.2) from /Users/makis/.rvm/gems/ruby-2.1.0/specifications/mini_portile-0.5.2.gemspec
I, [2014-02-22T19:03:48.748113 #53612]  INFO -- : 0:  nokogiri (1.6.1) from /Users/makis/.rvm/gems/ruby-2.1.0/specifications/nokogiri-1.6.1.gemspec
I, [2014-02-22T19:03:48.748393 #53612]  INFO -- : 0:  rack (1.5.2) from /Users/makis/.rvm/gems/ruby-2.1.0/specifications/rack-1.5.2.gemspec
I, [2014-02-22T19:03:48.748670 #53612]  INFO -- : 0:  rack-test (0.6.2) from /Users/makis/.rvm/gems/ruby-2.1.0/specifications/rack-test-0.6.2.gemspec
I, [2014-02-22T19:03:48.748926 #53612]  INFO -- : 0:  xpath (2.0.0) from /Users/makis/.rvm/gems/ruby-2.1.0/specifications/xpath-2.0.0.gemspec
I, [2014-02-22T19:03:48.749174 #53612]  INFO -- : 0:  capybara (2.2.1) from /Users/makis/.rvm/gems/ruby-2.1.0/specifications/capybara-2.2.1.gemspec
I, [2014-02-22T19:03:48.749454 #53612]  INFO -- : 0:  cliver (0.3.2) from /Users/makis/.rvm/gems/ruby-2.1.0/specifications/cliver-0.3.2.gemspec
I, [2014-02-22T19:03:48.749711 #53612]  INFO -- : 0:  dm-core (1.2.1) from /Users/makis/.rvm/gems/ruby-2.1.0/specifications/dm-core-1.2.1.gemspec
I, [2014-02-22T19:03:48.749957 #53612]  INFO -- : 0:  dm-aggregates (1.2.0) from /Users/makis/.rvm/gems/ruby-2.1.0/specifications/dm-aggregates-1.2.0.gemspec
I, [2014-02-22T19:03:48.750220 #53612]  INFO -- : 0:  dm-constraints (1.2.0) from /Users/makis/.rvm/gems/ruby-2.1.0/specifications/dm-constraints-1.2.0.gemspec
I, [2014-02-22T19:03:48.750489 #53612]  INFO -- : 0:  dm-migrations (1.2.0) from /Users/makis/.rvm/gems/ruby-2.1.0/specifications/dm-migrations-1.2.0.gemspec
I, [2014-02-22T19:03:48.750746 #53612]  INFO -- : 0:  fastercsv (1.5.5) from /Users/makis/.rvm/gems/ruby-2.1.0/specifications/fastercsv-1.5.5.gemspec
I, [2014-02-22T19:03:48.750993 #53612]  INFO -- : 0:  json (1.8.1) from /Users/makis/.rvm/rubies/ruby-2.1.0/lib/ruby/gems/2.1.0/specifications/default/json-1.8.1.gemspec
I, [2014-02-22T19:03:48.751259 #53612]  INFO -- : 0:  json_pure (1.8.1) from /Users/makis/.rvm/gems/ruby-2.1.0/specifications/json_pure-1.8.1.gemspec
I, [2014-02-22T19:03:48.751506 #53612]  INFO -- : 0:  multi_json (1.8.4) from /Users/makis/.rvm/gems/ruby-2.1.0/specifications/multi_json-1.8.4.gemspec
I, [2014-02-22T19:03:48.751769 #53612]  INFO -- : 0:  dm-serializer (1.2.2) from /Users/makis/.rvm/gems/ruby-2.1.0/specifications/dm-serializer-1.2.2.gemspec
I, [2014-02-22T19:03:48.752034 #53612]  INFO -- : 0:  dm-timestamps (1.2.0) from /Users/makis/.rvm/gems/ruby-2.1.0/specifications/dm-timestamps-1.2.0.gemspec
I, [2014-02-22T19:03:48.756192 #53612]  INFO -- : 0:  dm-transactions (1.2.0) from /Users/makis/.rvm/gems/ruby-2.1.0/specifications/dm-transactions-1.2.0.gemspec
I, [2014-02-22T19:03:48.756898 #53612]  INFO -- : 0:  stringex (1.5.1) from /Users/makis/.rvm/gems/ruby-2.1.0/specifications/stringex-1.5.1.gemspec
I, [2014-02-22T19:03:48.757515 #53612]  INFO -- : 0:  uuidtools (2.1.4) from /Users/makis/.rvm/gems/ruby-2.1.0/specifications/uuidtools-2.1.4.gemspec
I, [2014-02-22T19:03:48.758039 #53612]  INFO -- : 0:  dm-types (1.2.2) from /Users/makis/.rvm/gems/ruby-2.1.0/specifications/dm-types-1.2.2.gemspec
I, [2014-02-22T19:03:48.758410 #53612]  INFO -- : 0:  dm-validations (1.2.0) from /Users/makis/.rvm/gems/ruby-2.1.0/specifications/dm-validations-1.2.0.gemspec
I, [2014-02-22T19:03:48.758732 #53612]  INFO -- : 0:  data_mapper (1.2.0) from /Users/makis/.rvm/gems/ruby-2.1.0/specifications/data_mapper-1.2.0.gemspec
I, [2014-02-22T19:03:48.759063 #53612]  INFO -- : 0:  data_objects (0.10.13) from /Users/makis/.rvm/gems/ruby-2.1.0/specifications/data_objects-0.10.13.gemspec
I, [2014-02-22T19:03:48.759350 #53612]  INFO -- : 0:  database_cleaner (1.2.0) from /Users/makis/.rvm/gems/ruby-2.1.0/specifications/database_cleaner-1.2.0.gemspec
I, [2014-02-22T19:03:48.759636 #53612]  INFO -- : 0:  diff-lcs (1.2.5) from /Users/makis/.rvm/gems/ruby-2.1.0/specifications/diff-lcs-1.2.5.gemspec
I, [2014-02-22T19:03:48.759926 #53612]  INFO -- : 0:  dm-do-adapter (1.2.0) from /Users/makis/.rvm/gems/ruby-2.1.0/specifications/dm-do-adapter-1.2.0.gemspec
I, [2014-02-22T19:03:48.760214 #53612]  INFO -- : 0:  do_postgres (0.10.13) from /Users/makis/.rvm/gems/ruby-2.1.0/specifications/do_postgres-0.10.13.gemspec
I, [2014-02-22T19:03:48.760493 #53612]  INFO -- : 0:  dm-postgres-adapter (1.2.0) from /Users/makis/.rvm/gems/ruby-2.1.0/specifications/dm-postgres-adapter-1.2.0.gemspec
I, [2014-02-22T19:03:48.760782 #53612]  INFO -- : 0:  websocket-driver (0.3.2) from /Users/makis/.rvm/gems/ruby-2.1.0/specifications/websocket-driver-0.3.2.gemspec
I, [2014-02-22T19:03:48.761058 #53612]  INFO -- : 0:  poltergeist (1.5.0) from /Users/makis/.rvm/gems/ruby-2.1.0/specifications/poltergeist-1.5.0.gemspec
I, [2014-02-22T19:03:48.761333 #53612]  INFO -- : 0:  rack-flash3 (1.0.5) from /Users/makis/.rvm/gems/ruby-2.1.0/specifications/rack-flash3-1.0.5.gemspec
I, [2014-02-22T19:03:48.761620 #53612]  INFO -- : 0:  rack-protection (1.5.2) from /Users/makis/.rvm/gems/ruby-2.1.0/specifications/rack-protection-1.5.2.gemspec
I, [2014-02-22T19:03:48.761883 #53612]  INFO -- : 0:  rspec-core (2.14.7) from /Users/makis/.rvm/gems/ruby-2.1.0/specifications/rspec-core-2.14.7.gemspec
I, [2014-02-22T19:03:48.762168 #53612]  INFO -- : 0:  rspec-expectations (2.14.4) from /Users/makis/.rvm/gems/ruby-2.1.0/specifications/rspec-expectations-2.14.4.gemspec
I, [2014-02-22T19:03:48.762457 #53612]  INFO -- : 0:  rspec-mocks (2.14.4) from /Users/makis/.rvm/gems/ruby-2.1.0/specifications/rspec-mocks-2.14.4.gemspec
I, [2014-02-22T19:03:48.762740 #53612]  INFO -- : 0:  rspec (2.14.1) from /Users/makis/.rvm/gems/ruby-2.1.0/specifications/rspec-2.14.1.gemspec
I, [2014-02-22T19:03:48.763010 #53612]  INFO -- : 0:  shotgun (0.9) from /Users/makis/.rvm/gems/ruby-2.1.0/specifications/shotgun-0.9.gemspec
I, [2014-02-22T19:03:48.763314 #53612]  INFO -- : 0:  tilt (1.4.1) from /Users/makis/.rvm/gems/ruby-2.1.0/specifications/tilt-1.4.1.gemspec
I, [2014-02-22T19:03:48.763616 #53612]  INFO -- : 0:  sinatra (1.4.4) from /Users/makis/.rvm/gems/ruby-2.1.0/specifications/sinatra-1.4.4.gemspec
I, [2014-02-22T19:03:48.763878 #53612]  INFO -- : 0:  sinatra-partial (0.4.0) from /Users/makis/.rvm/gems/ruby-2.1.0/specifications/sinatra-partial-0.4.0.gemspec
I, [2014-02-22T19:03:48.764169 #53612]  INFO -- : 0:  bundler (1.5.1) from /Users/makis/.rvm/gems/ruby-2.1.0@global/specifications/bundler-1.5.1.gemspec
I, [2014-04-01T15:11:52.604305 #5299]  INFO -- : 0:  addressable (2.3.5) from /Users/makis/.rvm/gems/ruby-2.1.0/specifications/addressable-2.3.5.gemspec
I, [2014-04-01T15:11:52.611903 #5299]  INFO -- : 0:  bcrypt-ruby (3.1.2) from /Users/makis/.rvm/gems/ruby-2.1.0/specifications/bcrypt-ruby-3.1.2.gemspec
I, [2014-04-01T15:11:55.222719 #5299]  INFO -- : 0:  bond (0.4.3) from /Users/makis/.rvm/gems/ruby-2.1.0/specifications/bond-0.4.3.gemspec
I, [2014-04-01T15:11:55.223168 #5299]  INFO -- : 0:  mime-types (2.1) from /Users/makis/.rvm/gems/ruby-2.1.0/specifications/mime-types-2.1.gemspec
I, [2014-04-01T15:11:55.223437 #5299]  INFO -- : 0:  mini_portile (0.5.2) from /Users/makis/.rvm/gems/ruby-2.1.0/specifications/mini_portile-0.5.2.gemspec
I, [2014-04-01T15:11:55.223680 #5299]  INFO -- : 0:  nokogiri (1.6.1) from /Users/makis/.rvm/gems/ruby-2.1.0/specifications/nokogiri-1.6.1.gemspec
I, [2014-04-01T15:11:55.223948 #5299]  INFO -- : 0:  rack (1.5.2) from /Users/makis/.rvm/gems/ruby-2.1.0/specifications/rack-1.5.2.gemspec
I, [2014-04-01T15:11:55.224192 #5299]  INFO -- : 0:  rack-test (0.6.2) from /Users/makis/.rvm/gems/ruby-2.1.0/specifications/rack-test-0.6.2.gemspec
I, [2014-04-01T15:11:55.224425 #5299]  INFO -- : 0:  xpath (2.0.0) from /Users/makis/.rvm/gems/ruby-2.1.0/specifications/xpath-2.0.0.gemspec
I, [2014-04-01T15:11:55.224686 #5299]  INFO -- : 0:  capybara (2.2.1) from /Users/makis/.rvm/gems/ruby-2.1.0/specifications/capybara-2.2.1.gemspec
I, [2014-04-01T15:11:55.224896 #5299]  INFO -- : 0:  cliver (0.3.2) from /Users/makis/.rvm/gems/ruby-2.1.0/specifications/cliver-0.3.2.gemspec
I, [2014-04-01T15:11:55.225121 #5299]  INFO -- : 0:  dm-core (1.2.1) from /Users/makis/.rvm/gems/ruby-2.1.0/specifications/dm-core-1.2.1.gemspec
I, [2014-04-01T15:11:55.225362 #5299]  INFO -- : 0:  dm-aggregates (1.2.0) from /Users/makis/.rvm/gems/ruby-2.1.0/specifications/dm-aggregates-1.2.0.gemspec
I, [2014-04-01T15:11:55.225593 #5299]  INFO -- : 0:  dm-constraints (1.2.0) from /Users/makis/.rvm/gems/ruby-2.1.0/specifications/dm-constraints-1.2.0.gemspec
I, [2014-04-01T15:11:55.225825 #5299]  INFO -- : 0:  dm-migrations (1.2.0) from /Users/makis/.rvm/gems/ruby-2.1.0/specifications/dm-migrations-1.2.0.gemspec
I, [2014-04-01T15:11:55.226060 #5299]  INFO -- : 0:  fastercsv (1.5.5) from /Users/makis/.rvm/gems/ruby-2.1.0/specifications/fastercsv-1.5.5.gemspec
I, [2014-04-01T15:11:55.226275 #5299]  INFO -- : 0:  json (1.8.1) from /Users/makis/.rvm/rubies/ruby-2.1.0/lib/ruby/gems/2.1.0/specifications/default/json-1.8.1.gemspec
I, [2014-04-01T15:11:55.226515 #5299]  INFO -- : 0:  json_pure (1.8.1) from /Users/makis/.rvm/gems/ruby-2.1.0/specifications/json_pure-1.8.1.gemspec
I, [2014-04-01T15:11:55.226733 #5299]  INFO -- : 0:  multi_json (1.8.4) from /Users/makis/.rvm/gems/ruby-2.1.0/specifications/multi_json-1.8.4.gemspec
I, [2014-04-01T15:11:55.226957 #5299]  INFO -- : 0:  dm-serializer (1.2.2) from /Users/makis/.rvm/gems/ruby-2.1.0/specifications/dm-serializer-1.2.2.gemspec
I, [2014-04-01T15:11:55.227160 #5299]  INFO -- : 0:  dm-timestamps (1.2.0) from /Users/makis/.rvm/gems/ruby-2.1.0/specifications/dm-timestamps-1.2.0.gemspec
I, [2014-04-01T15:11:55.227390 #5299]  INFO -- : 0:  dm-transactions (1.2.0) from /Users/makis/.rvm/gems/ruby-2.1.0/specifications/dm-transactions-1.2.0.gemspec
I, [2014-04-01T15:11:55.227601 #5299]  INFO -- : 0:  stringex (1.5.1) from /Users/makis/.rvm/gems/ruby-2.1.0/specifications/stringex-1.5.1.gemspec
I, [2014-04-01T15:11:55.227829 #5299]  INFO -- : 0:  uuidtools (2.1.4) from /Users/makis/.rvm/gems/ruby-2.1.0/specifications/uuidtools-2.1.4.gemspec
I, [2014-04-01T15:11:55.228050 #5299]  INFO -- : 0:  dm-types (1.2.2) from /Users/makis/.rvm/gems/ruby-2.1.0/specifications/dm-types-1.2.2.gemspec
I, [2014-04-01T15:11:55.228265 #5299]  INFO -- : 0:  dm-validations (1.2.0) from /Users/makis/.rvm/gems/ruby-2.1.0/specifications/dm-validations-1.2.0.gemspec
I, [2014-04-01T15:11:55.228487 #5299]  INFO -- : 0:  data_mapper (1.2.0) from /Users/makis/.rvm/gems/ruby-2.1.0/specifications/data_mapper-1.2.0.gemspec
I, [2014-04-01T15:11:55.228722 #5299]  INFO -- : 0:  data_objects (0.10.13) from /Users/makis/.rvm/gems/ruby-2.1.0/specifications/data_objects-0.10.13.gemspec
I, [2014-04-01T15:11:55.229048 #5299]  INFO -- : 0:  database_cleaner (1.2.0) from /Users/makis/.rvm/gems/ruby-2.1.0/specifications/database_cleaner-1.2.0.gemspec
I, [2014-04-01T15:11:55.229348 #5299]  INFO -- : 0:  diff-lcs (1.2.5) from /Users/makis/.rvm/gems/ruby-2.1.0/specifications/diff-lcs-1.2.5.gemspec
I, [2014-04-01T15:11:55.229618 #5299]  INFO -- : 0:  dm-do-adapter (1.2.0) from /Users/makis/.rvm/gems/ruby-2.1.0/specifications/dm-do-adapter-1.2.0.gemspec
I, [2014-04-01T15:11:55.229849 #5299]  INFO -- : 0:  do_postgres (0.10.13) from /Users/makis/.rvm/gems/ruby-2.1.0/specifications/do_postgres-0.10.13.gemspec
I, [2014-04-01T15:11:55.230088 #5299]  INFO -- : 0:  dm-postgres-adapter (1.2.0) from /Users/makis/.rvm/gems/ruby-2.1.0/specifications/dm-postgres-adapter-1.2.0.gemspec
I, [2014-04-01T15:11:55.230309 #5299]  INFO -- : 0:  websocket-driver (0.3.2) from /Users/makis/.rvm/gems/ruby-2.1.0/specifications/websocket-driver-0.3.2.gemspec
I, [2014-04-01T15:11:55.230529 #5299]  INFO -- : 0:  poltergeist (1.5.0) from /Users/makis/.rvm/gems/ruby-2.1.0/specifications/poltergeist-1.5.0.gemspec
I, [2014-04-01T15:11:55.230752 #5299]  INFO -- : 0:  rack-flash3 (1.0.5) from /Users/makis/.rvm/gems/ruby-2.1.0/specifications/rack-flash3-1.0.5.gemspec
I, [2014-04-01T15:11:55.230981 #5299]  INFO -- : 0:  rack-protection (1.5.2) from /Users/makis/.rvm/gems/ruby-2.1.0/specifications/rack-protection-1.5.2.gemspec
I, [2014-04-01T15:11:56.592132 #5299]  INFO -- : 0:  ripl (0.7.0) from /Users/makis/.rvm/gems/ruby-2.1.0/specifications/ripl-0.7.0.gemspec
I, [2014-04-01T15:11:58.083485 #5299]  INFO -- : 0:  ripl-multi_line (0.3.1) from /Users/makis/.rvm/gems/ruby-2.1.0/specifications/ripl-multi_line-0.3.1.gemspec
I, [2014-04-01T15:11:59.605966 #5299]  INFO -- : 0:  ripl-rack (0.2.1) from /Users/makis/.rvm/gems/ruby-2.1.0/specifications/ripl-rack-0.2.1.gemspec
I, [2014-04-01T15:11:59.606361 #5299]  INFO -- : 0:  rspec-core (2.14.7) from /Users/makis/.rvm/gems/ruby-2.1.0/specifications/rspec-core-2.14.7.gemspec
I, [2014-04-01T15:11:59.606654 #5299]  INFO -- : 0:  rspec-expectations (2.14.4) from /Users/makis/.rvm/gems/ruby-2.1.0/specifications/rspec-expectations-2.14.4.gemspec
I, [2014-04-01T15:11:59.606938 #5299]  INFO -- : 0:  rspec-mocks (2.14.4) from /Users/makis/.rvm/gems/ruby-2.1.0/specifications/rspec-mocks-2.14.4.gemspec
I, [2014-04-01T15:11:59.607182 #5299]  INFO -- : 0:  rspec (2.14.1) from /Users/makis/.rvm/gems/ruby-2.1.0/specifications/rspec-2.14.1.gemspec
I, [2014-04-01T15:11:59.607440 #5299]  INFO -- : 0:  shotgun (0.9) from /Users/makis/.rvm/gems/ruby-2.1.0/specifications/shotgun-0.9.gemspec
I, [2014-04-01T15:11:59.607711 #5299]  INFO -- : 0:  tilt (1.4.1) from /Users/makis/.rvm/gems/ruby-2.1.0/specifications/tilt-1.4.1.gemspec
I, [2014-04-01T15:11:59.607962 #5299]  INFO -- : 0:  sinatra (1.4.4) from /Users/makis/.rvm/gems/ruby-2.1.0/specifications/sinatra-1.4.4.gemspec
I, [2014-04-01T15:11:59.608211 #5299]  INFO -- : 0:  sinatra-partial (0.4.0) from /Users/makis/.rvm/gems/ruby-2.1.0/specifications/sinatra-partial-0.4.0.gemspec
I, [2014-04-01T15:12:00.880236 #5299]  INFO -- : 0:  tux (0.3.0) from /Users/makis/.rvm/gems/ruby-2.1.0/specifications/tux-0.3.0.gemspec
I, [2014-04-01T15:12:00.880591 #5299]  INFO -- : 0:  bundler (1.5.1) from /Users/makis/.rvm/gems/ruby-2.1.0@global/specifications/bundler-1.5.1.gemspec
I, [2014-04-01T15:43:37.168370 #12579]  INFO -- : 0:  addressable (2.3.5) from /Users/makis/.rvm/gems/ruby-2.1.0/specifications/addressable-2.3.5.gemspec
I, [2014-04-01T15:43:37.174590 #12579]  INFO -- : 0:  bcrypt-ruby (3.1.2) from /Users/makis/.rvm/gems/ruby-2.1.0/specifications/bcrypt-ruby-3.1.2.gemspec
I, [2014-04-01T15:43:37.174896 #12579]  INFO -- : 0:  bond (0.4.3) from /Users/makis/.rvm/gems/ruby-2.1.0/specifications/bond-0.4.3.gemspec
I, [2014-04-01T15:43:37.175165 #12579]  INFO -- : 0:  mime-types (2.1) from /Users/makis/.rvm/gems/ruby-2.1.0/specifications/mime-types-2.1.gemspec
I, [2014-04-01T15:43:37.175423 #12579]  INFO -- : 0:  mini_portile (0.5.2) from /Users/makis/.rvm/gems/ruby-2.1.0/specifications/mini_portile-0.5.2.gemspec
I, [2014-04-01T15:43:37.175684 #12579]  INFO -- : 0:  nokogiri (1.6.1) from /Users/makis/.rvm/gems/ruby-2.1.0/specifications/nokogiri-1.6.1.gemspec
I, [2014-04-01T15:43:37.175938 #12579]  INFO -- : 0:  rack (1.5.2) from /Users/makis/.rvm/gems/ruby-2.1.0/specifications/rack-1.5.2.gemspec
I, [2014-04-01T15:43:37.176188 #12579]  INFO -- : 0:  rack-test (0.6.2) from /Users/makis/.rvm/gems/ruby-2.1.0/specifications/rack-test-0.6.2.gemspec
I, [2014-04-01T15:43:37.176481 #12579]  INFO -- : 0:  xpath (2.0.0) from /Users/makis/.rvm/gems/ruby-2.1.0/specifications/xpath-2.0.0.gemspec
I, [2014-04-01T15:43:37.176746 #12579]  INFO -- : 0:  capybara (2.2.1) from /Users/makis/.rvm/gems/ruby-2.1.0/specifications/capybara-2.2.1.gemspec
I, [2014-04-01T15:43:37.177008 #12579]  INFO -- : 0:  dm-core (1.2.1) from /Users/makis/.rvm/gems/ruby-2.1.0/specifications/dm-core-1.2.1.gemspec
I, [2014-04-01T15:43:37.177249 #12579]  INFO -- : 0:  dm-aggregates (1.2.0) from /Users/makis/.rvm/gems/ruby-2.1.0/specifications/dm-aggregates-1.2.0.gemspec
I, [2014-04-01T15:43:37.177498 #12579]  INFO -- : 0:  dm-constraints (1.2.0) from /Users/makis/.rvm/gems/ruby-2.1.0/specifications/dm-constraints-1.2.0.gemspec
I, [2014-04-01T15:43:37.177747 #12579]  INFO -- : 0:  dm-migrations (1.2.0) from /Users/makis/.rvm/gems/ruby-2.1.0/specifications/dm-migrations-1.2.0.gemspec
I, [2014-04-01T15:43:37.177999 #12579]  INFO -- : 0:  fastercsv (1.5.5) from /Users/makis/.rvm/gems/ruby-2.1.0/specifications/fastercsv-1.5.5.gemspec
I, [2014-04-01T15:43:37.178244 #12579]  INFO -- : 0:  json (1.8.1) from /Users/makis/.rvm/rubies/ruby-2.1.0/lib/ruby/gems/2.1.0/specifications/default/json-1.8.1.gemspec
I, [2014-04-01T15:43:37.178495 #12579]  INFO -- : 0:  json_pure (1.8.1) from /Users/makis/.rvm/gems/ruby-2.1.0/specifications/json_pure-1.8.1.gemspec
I, [2014-04-01T15:43:37.178749 #12579]  INFO -- : 0:  multi_json (1.8.4) from /Users/makis/.rvm/gems/ruby-2.1.0/specifications/multi_json-1.8.4.gemspec
I, [2014-04-01T15:43:37.178990 #12579]  INFO -- : 0:  dm-serializer (1.2.2) from /Users/makis/.rvm/gems/ruby-2.1.0/specifications/dm-serializer-1.2.2.gemspec
I, [2014-04-01T15:43:37.179235 #12579]  INFO -- : 0:  dm-timestamps (1.2.0) from /Users/makis/.rvm/gems/ruby-2.1.0/specifications/dm-timestamps-1.2.0.gemspec
I, [2014-04-01T15:43:37.179481 #12579]  INFO -- : 0:  dm-transactions (1.2.0) from /Users/makis/.rvm/gems/ruby-2.1.0/specifications/dm-transactions-1.2.0.gemspec
I, [2014-04-01T15:43:37.179731 #12579]  INFO -- : 0:  stringex (1.5.1) from /Users/makis/.rvm/gems/ruby-2.1.0/specifications/stringex-1.5.1.gemspec
I, [2014-04-01T15:43:37.179992 #12579]  INFO -- : 0:  uuidtools (2.1.4) from /Users/makis/.rvm/gems/ruby-2.1.0/specifications/uuidtools-2.1.4.gemspec
I, [2014-04-01T15:43:37.180314 #12579]  INFO -- : 0:  dm-types (1.2.2) from /Users/makis/.rvm/gems/ruby-2.1.0/specifications/dm-types-1.2.2.gemspec
I, [2014-04-01T15:43:37.180571 #12579]  INFO -- : 0:  dm-validations (1.2.0) from /Users/makis/.rvm/gems/ruby-2.1.0/specifications/dm-validations-1.2.0.gemspec
I, [2014-04-01T15:43:37.180824 #12579]  INFO -- : 0:  data_mapper (1.2.0) from /Users/makis/.rvm/gems/ruby-2.1.0/specifications/data_mapper-1.2.0.gemspec
I, [2014-04-01T15:43:37.181068 #12579]  INFO -- : 0:  data_objects (0.10.13) from /Users/makis/.rvm/gems/ruby-2.1.0/specifications/data_objects-0.10.13.gemspec
I, [2014-04-01T15:43:37.181317 #12579]  INFO -- : 0:  database_cleaner (1.2.0) from /Users/makis/.rvm/gems/ruby-2.1.0/specifications/database_cleaner-1.2.0.gemspec
I, [2014-04-01T15:43:37.181567 #12579]  INFO -- : 0:  diff-lcs (1.2.5) from /Users/makis/.rvm/gems/ruby-2.1.0/specifications/diff-lcs-1.2.5.gemspec
I, [2014-04-01T15:43:37.181817 #12579]  INFO -- : 0:  dm-do-adapter (1.2.0) from /Users/makis/.rvm/gems/ruby-2.1.0/specifications/dm-do-adapter-1.2.0.gemspec
I, [2014-04-01T15:43:37.182071 #12579]  INFO -- : 0:  do_postgres (0.10.13) from /Users/makis/.rvm/gems/ruby-2.1.0/specifications/do_postgres-0.10.13.gemspec
I, [2014-04-01T15:43:37.182329 #12579]  INFO -- : 0:  dm-postgres-adapter (1.2.0) from /Users/makis/.rvm/gems/ruby-2.1.0/specifications/dm-postgres-adapter-1.2.0.gemspec
I, [2014-04-01T15:43:45.348420 #12579]  INFO -- : 0:  zip (2.0.2) from /Users/makis/.rvm/gems/ruby-2.1.0/specifications/zip-2.0.2.gemspec
I, [2014-04-01T15:43:47.477403 #12579]  INFO -- : 0:  jar_wrapper (0.1.8) from /Users/makis/.rvm/gems/ruby-2.1.0/specifications/jar_wrapper-0.1.8.gemspec
I, [2014-04-01T15:43:47.477756 #12579]  INFO -- : 0:  rack-flash3 (1.0.5) from /Users/makis/.rvm/gems/ruby-2.1.0/specifications/rack-flash3-1.0.5.gemspec
I, [2014-04-01T15:43:47.478023 #12579]  INFO -- : 0:  rack-protection (1.5.2) from /Users/makis/.rvm/gems/ruby-2.1.0/specifications/rack-protection-1.5.2.gemspec
I, [2014-04-01T15:43:47.478271 #12579]  INFO -- : 0:  ripl (0.7.0) from /Users/makis/.rvm/gems/ruby-2.1.0/specifications/ripl-0.7.0.gemspec
I, [2014-04-01T15:43:47.478503 #12579]  INFO -- : 0:  ripl-multi_line (0.3.1) from /Users/makis/.rvm/gems/ruby-2.1.0/specifications/ripl-multi_line-0.3.1.gemspec
I, [2014-04-01T15:43:47.478721 #12579]  INFO -- : 0:  ripl-rack (0.2.1) from /Users/makis/.rvm/gems/ruby-2.1.0/specifications/ripl-rack-0.2.1.gemspec
I, [2014-04-01T15:43:47.478940 #12579]  INFO -- : 0:  rspec-core (2.14.7) from /Users/makis/.rvm/gems/ruby-2.1.0/specifications/rspec-core-2.14.7.gemspec
I, [2014-04-01T15:43:47.479174 #12579]  INFO -- : 0:  rspec-expectations (2.14.4) from /Users/makis/.rvm/gems/ruby-2.1.0/specifications/rspec-expectations-2.14.4.gemspec
I, [2014-04-01T15:43:47.479394 #12579]  INFO -- : 0:  rspec-mocks (2.14.4) from /Users/makis/.rvm/gems/ruby-2.1.0/specifications/rspec-mocks-2.14.4.gemspec
I, [2014-04-01T15:43:47.479613 #12579]  INFO -- : 0:  rspec (2.14.1) from /Users/makis/.rvm/gems/ruby-2.1.0/specifications/rspec-2.14.1.gemspec
I, [2014-04-01T15:43:49.583141 #12579]  INFO -- : 0:  selenium (0.2.11) from /Users/makis/.rvm/gems/ruby-2.1.0/specifications/selenium-0.2.11.gemspec
I, [2014-04-01T15:43:49.583496 #12579]  INFO -- : 0:  shotgun (0.9) from /Users/makis/.rvm/gems/ruby-2.1.0/specifications/shotgun-0.9.gemspec
I, [2014-04-01T15:43:49.583787 #12579]  INFO -- : 0:  tilt (1.4.1) from /Users/makis/.rvm/gems/ruby-2.1.0/specifications/tilt-1.4.1.gemspec
I, [2014-04-01T15:43:49.584068 #12579]  INFO -- : 0:  sinatra (1.4.4) from /Users/makis/.rvm/gems/ruby-2.1.0/specifications/sinatra-1.4.4.gemspec
I, [2014-04-01T15:43:49.584342 #12579]  INFO -- : 0:  sinatra-partial (0.4.0) from /Users/makis/.rvm/gems/ruby-2.1.0/specifications/sinatra-partial-0.4.0.gemspec
I, [2014-04-01T15:43:49.584607 #12579]  INFO -- : 0:  tux (0.3.0) from /Users/makis/.rvm/gems/ruby-2.1.0/specifications/tux-0.3.0.gemspec
I, [2014-04-01T15:43:49.584866 #12579]  INFO -- : 0:  bundler (1.5.1) from /Users/makis/.rvm/gems/ruby-2.1.0@global/specifications/bundler-1.5.1.gemspec
